{"/home/travis/build/npmtest/node-npmtest-wechat/test.js":{"path":"/home/travis/build/npmtest/node-npmtest-wechat/test.js","s":{"1":2,"2":2,"3":2,"4":2,"5":2,"6":2,"7":2,"8":1,"9":2,"10":2,"11":1,"12":1,"13":1,"14":1,"15":2,"16":2,"17":2,"18":2,"19":1,"20":1,"21":2,"22":2,"23":2,"24":1,"25":1,"26":1,"27":1,"28":1,"29":1,"30":1,"31":1,"32":1,"33":1,"34":1,"35":1,"36":1,"37":1,"38":1,"39":2,"40":2,"41":1,"42":2,"43":2,"44":1,"45":2,"46":2,"47":1,"48":2,"49":2,"50":1,"51":1,"52":1,"53":1,"54":1},"b":{"1":[2,1,1,1],"2":[1,1,1,1],"3":[1,1],"4":[1,1],"5":[1,1],"6":[1,1],"7":[1,1],"8":[1,1],"9":[1,1],"10":[1,1,1],"11":[1,1],"12":[1,1],"13":[1,1],"14":[1,1],"15":[1,1],"16":[1,1],"17":[1,1]},"f":{"1":2,"2":2,"3":2,"4":2,"5":2,"6":1,"7":1,"8":1,"9":2,"10":2,"11":2,"12":2,"13":1},"fnMap":{"1":{"name":"(anonymous_1)","line":12,"loc":{"start":{"line":12,"column":1},"end":{"line":12,"column":13}}},"2":{"name":"(anonymous_2)","line":19,"loc":{"start":{"line":19,"column":5},"end":{"line":19,"column":17}}},"3":{"name":"(anonymous_3)","line":23,"loc":{"start":{"line":23,"column":24},"end":{"line":23,"column":36}}},"4":{"name":"(anonymous_4)","line":61,"loc":{"start":{"line":61,"column":5},"end":{"line":61,"column":17}}},"5":{"name":"(anonymous_5)","line":82,"loc":{"start":{"line":82,"column":5},"end":{"line":82,"column":17}}},"6":{"name":"(anonymous_6)","line":91,"loc":{"start":{"line":91,"column":77},"end":{"line":94,"column":10}}},"7":{"name":"(anonymous_7)","line":112,"loc":{"start":{"line":112,"column":83},"end":{"line":115,"column":10}},"skip":true},"8":{"name":"(anonymous_8)","line":123,"loc":{"start":{"line":123,"column":77},"end":{"line":126,"column":10}},"skip":true},"9":{"name":"(anonymous_9)","line":139,"loc":{"start":{"line":139,"column":12},"end":{"line":139,"column":40}},"skip":true},"10":{"name":"(anonymous_10)","line":147,"loc":{"start":{"line":147,"column":77},"end":{"line":150,"column":10}},"skip":true},"11":{"name":"(anonymous_11)","line":158,"loc":{"start":{"line":158,"column":83},"end":{"line":161,"column":10}},"skip":true},"12":{"name":"(anonymous_12)","line":169,"loc":{"start":{"line":169,"column":79},"end":{"line":172,"column":10}},"skip":true},"13":{"name":"(anonymous_13)","line":180,"loc":{"start":{"line":180,"column":75},"end":{"line":183,"column":10}},"skip":true}},"statementMap":{"1":{"start":{"line":12,"column":0},"end":{"line":195,"column":5}},"2":{"start":{"line":14,"column":4},"end":{"line":14,"column":14}},"3":{"start":{"line":19,"column":4},"end":{"line":56,"column":9}},"4":{"start":{"line":21,"column":8},"end":{"line":21,"column":19}},"5":{"start":{"line":23,"column":8},"end":{"line":35,"column":13}},"6":{"start":{"line":24,"column":12},"end":{"line":34,"column":13}},"7":{"start":{"line":25,"column":16},"end":{"line":28,"column":30}},"8":{"start":{"line":30,"column":16},"end":{"line":33,"column":27}},"9":{"start":{"line":37,"column":8},"end":{"line":39,"column":21}},"10":{"start":{"line":40,"column":8},"end":{"line":53,"column":9}},"11":{"start":{"line":43,"column":12},"end":{"line":46,"column":14}},"12":{"start":{"line":47,"column":12},"end":{"line":47,"column":18}},"13":{"start":{"line":50,"column":12},"end":{"line":51,"column":46}},"14":{"start":{"line":52,"column":12},"end":{"line":52,"column":18}},"15":{"start":{"line":55,"column":8},"end":{"line":55,"column":35}},"16":{"start":{"line":61,"column":4},"end":{"line":63,"column":9}},"17":{"start":{"line":62,"column":8},"end":{"line":62,"column":15}},"18":{"start":{"line":64,"column":4},"end":{"line":77,"column":5}},"19":{"start":{"line":70,"column":8},"end":{"line":70,"column":14}},"20":{"start":{"line":76,"column":8},"end":{"line":76,"column":14}},"21":{"start":{"line":82,"column":4},"end":{"line":84,"column":9}},"22":{"start":{"line":83,"column":8},"end":{"line":83,"column":15}},"23":{"start":{"line":85,"column":4},"end":{"line":194,"column":5}},"24":{"start":{"line":91,"column":8},"end":{"line":99,"column":10}},"25":{"start":{"line":98,"column":12},"end":{"line":98,"column":35}},"26":{"start":{"line":102,"column":8},"end":{"line":104,"column":63}},"27":{"start":{"line":105,"column":8},"end":{"line":105,"column":14}},"28":{"start":{"line":112,"column":8},"end":{"line":121,"column":10},"skip":true},"29":{"start":{"line":119,"column":12},"end":{"line":119,"column":55},"skip":true},"30":{"start":{"line":120,"column":12},"end":{"line":120,"column":48},"skip":true},"31":{"start":{"line":123,"column":8},"end":{"line":136,"column":10},"skip":true},"32":{"start":{"line":130,"column":12},"end":{"line":130,"column":76},"skip":true},"33":{"start":{"line":131,"column":12},"end":{"line":131,"column":73},"skip":true},"34":{"start":{"line":132,"column":12},"end":{"line":132,"column":74},"skip":true},"35":{"start":{"line":133,"column":12},"end":{"line":133,"column":79},"skip":true},"36":{"start":{"line":134,"column":12},"end":{"line":134,"column":25},"skip":true},"37":{"start":{"line":135,"column":12},"end":{"line":135,"column":45},"skip":true},"38":{"start":{"line":138,"column":8},"end":{"line":145,"column":14},"skip":true},"39":{"start":{"line":143,"column":16},"end":{"line":143,"column":29},"skip":true},"40":{"start":{"line":144,"column":16},"end":{"line":144,"column":55},"skip":true},"41":{"start":{"line":147,"column":8},"end":{"line":156,"column":10},"skip":true},"42":{"start":{"line":154,"column":12},"end":{"line":154,"column":25},"skip":true},"43":{"start":{"line":155,"column":12},"end":{"line":155,"column":45},"skip":true},"44":{"start":{"line":158,"column":8},"end":{"line":167,"column":10},"skip":true},"45":{"start":{"line":165,"column":12},"end":{"line":165,"column":25},"skip":true},"46":{"start":{"line":166,"column":12},"end":{"line":166,"column":48},"skip":true},"47":{"start":{"line":169,"column":8},"end":{"line":178,"column":10},"skip":true},"48":{"start":{"line":176,"column":12},"end":{"line":176,"column":25},"skip":true},"49":{"start":{"line":177,"column":12},"end":{"line":177,"column":46},"skip":true},"50":{"start":{"line":180,"column":8},"end":{"line":189,"column":10},"skip":true},"51":{"start":{"line":187,"column":12},"end":{"line":187,"column":94},"skip":true},"52":{"start":{"line":188,"column":12},"end":{"line":188,"column":48},"skip":true},"53":{"start":{"line":192,"column":8},"end":{"line":192,"column":35},"skip":true},"54":{"start":{"line":193,"column":8},"end":{"line":193,"column":14},"skip":true}},"branchMap":{"1":{"line":25,"type":"binary-expr","locations":[{"start":{"line":25,"column":23},"end":{"line":25,"column":62}},{"start":{"line":26,"column":20},"end":{"line":26,"column":70}},{"start":{"line":27,"column":20},"end":{"line":27,"column":71}},{"start":{"line":28,"column":20},"end":{"line":28,"column":29}}]},"2":{"line":30,"type":"binary-expr","locations":[{"start":{"line":30,"column":23},"end":{"line":30,"column":37}},{"start":{"line":31,"column":20},"end":{"line":31,"column":61}},{"start":{"line":32,"column":20},"end":{"line":32,"column":70}},{"start":{"line":33,"column":20},"end":{"line":33,"column":26}}]},"3":{"line":37,"type":"cond-expr","locations":[{"start":{"line":38,"column":14},"end":{"line":38,"column":20}},{"start":{"line":39,"column":14},"end":{"line":39,"column":20}}]},"4":{"line":40,"type":"switch","locations":[{"start":{"line":42,"column":8},"end":{"line":47,"column":18}},{"start":{"line":49,"column":8},"end":{"line":52,"column":18}}]},"5":{"line":44,"type":"binary-expr","locations":[{"start":{"line":44,"column":16},"end":{"line":44,"column":44}},{"start":{"line":44,"column":48},"end":{"line":44,"column":66}}]},"6":{"line":50,"type":"binary-expr","locations":[{"start":{"line":50,"column":21},"end":{"line":50,"column":49}},{"start":{"line":50,"column":53},"end":{"line":50,"column":72}}]},"7":{"line":64,"type":"switch","locations":[{"start":{"line":69,"column":4},"end":{"line":70,"column":14}},{"start":{"line":75,"column":4},"end":{"line":76,"column":14}}]},"8":{"line":85,"type":"switch","locations":[{"start":{"line":90,"column":4},"end":{"line":105,"column":14}},{"start":{"line":111,"column":4},"end":{"line":193,"column":14},"skip":true}]},"9":{"line":91,"type":"binary-expr","locations":[{"start":{"line":91,"column":42},"end":{"line":91,"column":73}},{"start":{"line":91,"column":77},"end":{"line":99,"column":9}}]},"10":{"line":102,"type":"binary-expr","locations":[{"start":{"line":102,"column":18},"end":{"line":102,"column":32}},{"start":{"line":103,"column":12},"end":{"line":103,"column":53}},{"start":{"line":104,"column":12},"end":{"line":104,"column":61}}]},"11":{"line":112,"type":"binary-expr","locations":[{"start":{"line":112,"column":45},"end":{"line":112,"column":79},"skip":true},{"start":{"line":112,"column":83},"end":{"line":121,"column":9},"skip":true}]},"12":{"line":123,"type":"binary-expr","locations":[{"start":{"line":123,"column":42},"end":{"line":123,"column":73},"skip":true},{"start":{"line":123,"column":77},"end":{"line":136,"column":9},"skip":true}]},"13":{"line":138,"type":"binary-expr","locations":[{"start":{"line":138,"column":48},"end":{"line":138,"column":85},"skip":true},{"start":{"line":139,"column":12},"end":{"line":145,"column":13},"skip":true}]},"14":{"line":147,"type":"binary-expr","locations":[{"start":{"line":147,"column":42},"end":{"line":147,"column":73},"skip":true},{"start":{"line":147,"column":77},"end":{"line":156,"column":9},"skip":true}]},"15":{"line":158,"type":"binary-expr","locations":[{"start":{"line":158,"column":45},"end":{"line":158,"column":79},"skip":true},{"start":{"line":158,"column":83},"end":{"line":167,"column":9},"skip":true}]},"16":{"line":169,"type":"binary-expr","locations":[{"start":{"line":169,"column":43},"end":{"line":169,"column":75},"skip":true},{"start":{"line":169,"column":79},"end":{"line":178,"column":9},"skip":true}]},"17":{"line":180,"type":"binary-expr","locations":[{"start":{"line":180,"column":41},"end":{"line":180,"column":71},"skip":true},{"start":{"line":180,"column":75},"end":{"line":189,"column":9},"skip":true}]}},"code":["/* istanbul instrument in package npmtest_wechat */","/*jslint","    bitwise: true,","    browser: true,","    maxerr: 8,","    maxlen: 96,","    node: true,","    nomen: true,","    regexp: true,","    stupid: true","*/","(function () {","    'use strict';","    var local;","","","","    // run shared js-env code - pre-init","    (function () {","        // init local","        local = {};","        // init modeJs","        local.modeJs = (function () {","            try {","                return typeof navigator.userAgent === 'string' &&","                    typeof document.querySelector('body') === 'object' &&","                    typeof XMLHttpRequest.prototype.open === 'function' &&","                    'browser';","            } catch (errorCaughtBrowser) {","                return module.exports &&","                    typeof process.versions.node === 'string' &&","                    typeof require('http').createServer === 'function' &&","                    'node';","            }","        }());","        // init global","        local.global = local.modeJs === 'browser'","            ? window","            : global;","        switch (local.modeJs) {","        // re-init local from window.local","        case 'browser':","            local = local.global.utility2.objectSetDefault(","                local.global.utility2_rollup || local.global.local,","                local.global.utility2","            );","            break;","        // re-init local from example.js","        case 'node':","            local = (local.global.utility2_rollup || require('utility2'))","                .requireExampleJsFromReadme();","            break;","        }","        // export local","        local.global.local = local;","    }());","","","","    // run shared js-env code - function","    (function () {","        return;","    }());","    switch (local.modeJs) {","","","","    // run browser js-env code - function","    case 'browser':","        break;","","","","    // run node js-env code - function","    case 'node':","        break;","    }","","","","    // run shared js-env code - post-init","    (function () {","        return;","    }());","    switch (local.modeJs) {","","","","    // run browser js-env code - post-init","    case 'browser':","        local.testCase_browser_nullCase = local.testCase_browser_nullCase || function (","            options,","            onError","        ) {","        /*","         * this function will test browsers's null-case handling-behavior-behavior","         */","            onError(null, options);","        };","","        // run tests","        local.nop(local.modeTest &&","            document.querySelector('#testRunButton1') &&","            document.querySelector('#testRunButton1').click());","        break;","","","","    // run node js-env code - post-init","    /* istanbul ignore next */","    case 'node':","        local.testCase_buildApidoc_default = local.testCase_buildApidoc_default || function (","            options,","            onError","        ) {","        /*","         * this function will test buildApidoc's default handling-behavior-behavior","         */","            options = { modulePathList: module.paths };","            local.buildApidoc(options, onError);","        };","","        local.testCase_buildApp_default = local.testCase_buildApp_default || function (","            options,","            onError","        ) {","        /*","         * this function will test buildApp's default handling-behavior-behavior","         */","            local.testCase_buildReadme_default(options, local.onErrorThrow);","            local.testCase_buildLib_default(options, local.onErrorThrow);","            local.testCase_buildTest_default(options, local.onErrorThrow);","            local.testCase_buildCustomOrg_default(options, local.onErrorThrow);","            options = [];","            local.buildApp(options, onError);","        };","","        local.testCase_buildCustomOrg_default = local.testCase_buildCustomOrg_default ||","            function (options, onError) {","            /*","             * this function will test buildCustomOrg's default handling-behavior","             */","                options = {};","                local.buildCustomOrg(options, onError);","            };","","        local.testCase_buildLib_default = local.testCase_buildLib_default || function (","            options,","            onError","        ) {","        /*","         * this function will test buildLib's default handling-behavior","         */","            options = {};","            local.buildLib(options, onError);","        };","","        local.testCase_buildReadme_default = local.testCase_buildReadme_default || function (","            options,","            onError","        ) {","        /*","         * this function will test buildReadme's default handling-behavior-behavior","         */","            options = {};","            local.buildReadme(options, onError);","        };","","        local.testCase_buildTest_default = local.testCase_buildTest_default || function (","            options,","            onError","        ) {","        /*","         * this function will test buildTest's default handling-behavior","         */","            options = {};","            local.buildTest(options, onError);","        };","","        local.testCase_webpage_default = local.testCase_webpage_default || function (","            options,","            onError","        ) {","        /*","         * this function will test webpage's default handling-behavior","         */","            options = { modeCoverageMerge: true, url: local.serverLocalHost + '?modeTest=1' };","            local.browserTest(options, onError);","        };","","        // run test-server","        local.testRunServer(local);","        break;","    }","}());",""],"l":{"12":2,"14":2,"19":2,"21":2,"23":2,"24":2,"25":2,"30":1,"37":2,"40":2,"43":1,"47":1,"50":1,"52":1,"55":2,"61":2,"62":2,"64":2,"70":1,"76":1,"82":2,"83":2,"85":2,"91":1,"98":1,"102":1,"105":1,"112":1,"119":1,"120":1,"123":1,"130":1,"131":1,"132":1,"133":1,"134":1,"135":1,"138":1,"143":2,"144":2,"147":1,"154":2,"155":2,"158":1,"165":2,"166":2,"169":1,"176":2,"177":2,"180":1,"187":1,"188":1,"192":1,"193":1}},"/home/travis/build/npmtest/node-npmtest-wechat/lib.npmtest_wechat.js":{"path":"/home/travis/build/npmtest/node-npmtest-wechat/lib.npmtest_wechat.js","s":{"1":2,"2":2,"3":2,"4":2,"5":2,"6":2,"7":2,"8":1,"9":2,"10":2,"11":2,"12":2,"13":1,"14":1,"15":1,"16":1},"b":{"1":[2,1,1,1],"2":[1,1,1,1],"3":[1,1],"4":[2,2],"5":[1,1]},"f":{"1":2,"2":2,"3":2},"fnMap":{"1":{"name":"(anonymous_1)","line":12,"loc":{"start":{"line":12,"column":1},"end":{"line":12,"column":13}}},"2":{"name":"(anonymous_2)","line":19,"loc":{"start":{"line":19,"column":5},"end":{"line":19,"column":17}}},"3":{"name":"(anonymous_3)","line":23,"loc":{"start":{"line":23,"column":24},"end":{"line":23,"column":36}}}},"statementMap":{"1":{"start":{"line":12,"column":0},"end":{"line":53,"column":5}},"2":{"start":{"line":14,"column":4},"end":{"line":14,"column":14}},"3":{"start":{"line":19,"column":4},"end":{"line":52,"column":9}},"4":{"start":{"line":21,"column":8},"end":{"line":21,"column":19}},"5":{"start":{"line":23,"column":8},"end":{"line":35,"column":13}},"6":{"start":{"line":24,"column":12},"end":{"line":34,"column":13}},"7":{"start":{"line":25,"column":16},"end":{"line":28,"column":30}},"8":{"start":{"line":30,"column":16},"end":{"line":33,"column":27}},"9":{"start":{"line":37,"column":8},"end":{"line":39,"column":21}},"10":{"start":{"line":41,"column":8},"end":{"line":41,"column":54}},"11":{"start":{"line":43,"column":8},"end":{"line":43,"column":51}},"12":{"start":{"line":45,"column":8},"end":{"line":51,"column":9}},"13":{"start":{"line":46,"column":12},"end":{"line":46,"column":57}},"14":{"start":{"line":48,"column":12},"end":{"line":48,"column":35}},"15":{"start":{"line":49,"column":12},"end":{"line":49,"column":49}},"16":{"start":{"line":50,"column":12},"end":{"line":50,"column":43}}},"branchMap":{"1":{"line":25,"type":"binary-expr","locations":[{"start":{"line":25,"column":23},"end":{"line":25,"column":62}},{"start":{"line":26,"column":20},"end":{"line":26,"column":70}},{"start":{"line":27,"column":20},"end":{"line":27,"column":71}},{"start":{"line":28,"column":20},"end":{"line":28,"column":29}}]},"2":{"line":30,"type":"binary-expr","locations":[{"start":{"line":30,"column":23},"end":{"line":30,"column":37}},{"start":{"line":31,"column":20},"end":{"line":31,"column":61}},{"start":{"line":32,"column":20},"end":{"line":32,"column":70}},{"start":{"line":33,"column":20},"end":{"line":33,"column":26}}]},"3":{"line":37,"type":"cond-expr","locations":[{"start":{"line":38,"column":14},"end":{"line":38,"column":20}},{"start":{"line":39,"column":14},"end":{"line":39,"column":20}}]},"4":{"line":41,"type":"binary-expr","locations":[{"start":{"line":41,"column":16},"end":{"line":41,"column":44}},{"start":{"line":41,"column":48},"end":{"line":41,"column":53}}]},"5":{"line":45,"type":"if","locations":[{"start":{"line":45,"column":8},"end":{"line":45,"column":8}},{"start":{"line":45,"column":8},"end":{"line":45,"column":8}}]}},"code":["/* istanbul instrument in package npmtest_wechat */","/*jslint","    bitwise: true,","    browser: true,","    maxerr: 8,","    maxlen: 96,","    node: true,","    nomen: true,","    regexp: true,","    stupid: true","*/","(function () {","    'use strict';","    var local;","","","","    // run shared js-env code - pre-init","    (function () {","        // init local","        local = {};","        // init modeJs","        local.modeJs = (function () {","            try {","                return typeof navigator.userAgent === 'string' &&","                    typeof document.querySelector('body') === 'object' &&","                    typeof XMLHttpRequest.prototype.open === 'function' &&","                    'browser';","            } catch (errorCaughtBrowser) {","                return module.exports &&","                    typeof process.versions.node === 'string' &&","                    typeof require('http').createServer === 'function' &&","                    'node';","            }","        }());","        // init global","        local.global = local.modeJs === 'browser'","            ? window","            : global;","        // init utility2_rollup","        local = local.global.utility2_rollup || local;","        // init lib","        local.local = local.npmtest_wechat = local;","        // init exports","        if (local.modeJs === 'browser') {","            local.global.utility2_npmtest_wechat = local;","        } else {","            module.exports = local;","            module.exports.__dirname = __dirname;","            module.exports.module = module;","        }","    }());","}());",""],"l":{"12":2,"14":2,"19":2,"21":2,"23":2,"24":2,"25":2,"30":1,"37":2,"41":2,"43":2,"45":2,"46":1,"48":1,"49":1,"50":1}},"/home/travis/build/npmtest/node-npmtest-wechat/example.js":{"path":"/home/travis/build/npmtest/node-npmtest-wechat/example.js","s":{"1":2,"2":2,"3":2,"4":2,"5":2,"6":2,"7":2,"8":1,"9":2,"10":2,"11":2,"12":2,"13":1,"14":2,"15":2,"16":2,"17":2,"18":2,"19":0,"20":2,"21":1,"22":1,"23":1,"24":1,"25":1,"26":0,"27":0,"28":1,"29":1,"30":2,"31":0,"32":0,"33":0,"34":1,"35":2,"36":2,"37":3,"38":3,"39":3,"40":3,"41":0,"42":3,"43":3,"44":3,"45":1,"46":3,"47":1,"48":1,"49":1,"50":1,"51":1,"52":1,"53":1,"54":1,"55":1,"56":1,"57":0,"58":1,"59":6,"60":6,"61":1,"62":2,"63":0,"64":2,"65":1,"66":1,"67":0,"68":0,"69":0,"70":0,"71":0,"72":0,"73":0,"74":0,"75":0,"76":0,"77":0,"78":0,"79":0,"80":0,"81":0,"82":0,"83":0},"b":{"1":[2,1,1,1],"2":[1,1,1,1],"3":[1,1],"4":[2,2],"5":[1,1],"6":[1,1],"7":[2,0],"8":[2,1,1,1,1,1],"9":[0,2,0],"10":[1,1],"11":[2,1,1],"12":[1,0],"13":[0,2],"14":[2,0,0,0,0,0,0],"15":[0,3],"16":[3,0],"17":[1,1],"18":[0,1],"19":[1,2,0,2],"20":[1,0],"21":[1,1],"22":[0,0],"23":[0,0],"24":[0,0],"25":[0,0],"26":[0,0],"27":[0,0],"28":[0,0]},"f":{"1":2,"2":2,"3":2,"4":2,"5":2,"6":2,"7":3,"8":3,"9":3,"10":1,"11":6,"12":0},"fnMap":{"1":{"name":"(anonymous_1)","line":26,"loc":{"start":{"line":26,"column":1},"end":{"line":26,"column":13}}},"2":{"name":"(anonymous_2)","line":33,"loc":{"start":{"line":33,"column":5},"end":{"line":33,"column":17}}},"3":{"name":"(anonymous_3)","line":37,"loc":{"start":{"line":37,"column":24},"end":{"line":37,"column":36}}},"4":{"name":"(anonymous_4)","line":69,"loc":{"start":{"line":69,"column":31},"end":{"line":69,"column":48}},"skip":true},"5":{"name":"(anonymous_5)","line":78,"loc":{"start":{"line":78,"column":26},"end":{"line":78,"column":45}},"skip":true},"6":{"name":"(anonymous_6)","line":123,"loc":{"start":{"line":123,"column":33},"end":{"line":123,"column":48}},"skip":true},"7":{"name":"(anonymous_7)","line":125,"loc":{"start":{"line":125,"column":27},"end":{"line":125,"column":39}},"skip":true},"8":{"name":"(anonymous_8)","line":133,"loc":{"start":{"line":133,"column":59},"end":{"line":133,"column":74}},"skip":true},"9":{"name":"(anonymous_9)","line":143,"loc":{"start":{"line":143,"column":45},"end":{"line":143,"column":62}},"skip":true},"10":{"name":"(anonymous_10)","line":144,"loc":{"start":{"line":144,"column":73},"end":{"line":144,"column":92}},"skip":true},"11":{"name":"(anonymous_11)","line":272,"loc":{"start":{"line":272,"column":51},"end":{"line":272,"column":77}},"skip":true},"12":{"name":"(anonymous_12)","line":315,"loc":{"start":{"line":315,"column":32},"end":{"line":315,"column":61}},"skip":true}},"statementMap":{"1":{"start":{"line":26,"column":0},"end":{"line":326,"column":5}},"2":{"start":{"line":28,"column":4},"end":{"line":28,"column":14}},"3":{"start":{"line":33,"column":4},"end":{"line":60,"column":9}},"4":{"start":{"line":35,"column":8},"end":{"line":35,"column":19}},"5":{"start":{"line":37,"column":8},"end":{"line":49,"column":13}},"6":{"start":{"line":38,"column":12},"end":{"line":48,"column":13}},"7":{"start":{"line":39,"column":16},"end":{"line":42,"column":30}},"8":{"start":{"line":44,"column":16},"end":{"line":47,"column":27}},"9":{"start":{"line":51,"column":8},"end":{"line":53,"column":21}},"10":{"start":{"line":55,"column":8},"end":{"line":57,"column":45}},"11":{"start":{"line":59,"column":8},"end":{"line":59,"column":35}},"12":{"start":{"line":61,"column":4},"end":{"line":325,"column":5}},"13":{"start":{"line":69,"column":8},"end":{"line":121,"column":10},"skip":true},"14":{"start":{"line":70,"column":12},"end":{"line":88,"column":13},"skip":true},"15":{"start":{"line":76,"column":16},"end":{"line":87,"column":19},"skip":true},"16":{"start":{"line":79,"column":20},"end":{"line":86,"column":21},"skip":true},"17":{"start":{"line":82,"column":24},"end":{"line":82,"column":43},"skip":true},"18":{"start":{"line":83,"column":24},"end":{"line":83,"column":30},"skip":true},"19":{"start":{"line":85,"column":24},"end":{"line":85,"column":49},"skip":true},"20":{"start":{"line":89,"column":12},"end":{"line":107,"column":13},"skip":true},"21":{"start":{"line":92,"column":16},"end":{"line":102,"column":17},"skip":true},"22":{"start":{"line":93,"column":20},"end":{"line":93,"column":86},"skip":true},"23":{"start":{"line":94,"column":20},"end":{"line":95,"column":45},"skip":true},"24":{"start":{"line":96,"column":20},"end":{"line":96,"column":42},"skip":true},"25":{"start":{"line":97,"column":20},"end":{"line":97,"column":48},"skip":true},"26":{"start":{"line":100,"column":20},"end":{"line":100,"column":85},"skip":true},"27":{"start":{"line":101,"column":20},"end":{"line":101,"column":96},"skip":true},"28":{"start":{"line":103,"column":16},"end":{"line":103,"column":22},"skip":true},"29":{"start":{"line":106,"column":16},"end":{"line":106,"column":22},"skip":true},"30":{"start":{"line":108,"column":12},"end":{"line":120,"column":13},"skip":true},"31":{"start":{"line":114,"column":16},"end":{"line":119,"column":17},"skip":true},"32":{"start":{"line":116,"column":20},"end":{"line":116,"column":78},"skip":true},"33":{"start":{"line":118,"column":20},"end":{"line":118,"column":47},"skip":true},"34":{"start":{"line":123,"column":8},"end":{"line":141,"column":11},"skip":true},"35":{"start":{"line":124,"column":12},"end":{"line":124,"column":54},"skip":true},"36":{"start":{"line":125,"column":12},"end":{"line":140,"column":14},"skip":true},"37":{"start":{"line":126,"column":16},"end":{"line":126,"column":28},"skip":true},"38":{"start":{"line":127,"column":16},"end":{"line":127,"column":69},"skip":true},"39":{"start":{"line":128,"column":16},"end":{"line":128,"column":75},"skip":true},"40":{"start":{"line":129,"column":16},"end":{"line":131,"column":17},"skip":true},"41":{"start":{"line":130,"column":20},"end":{"line":130,"column":27},"skip":true},"42":{"start":{"line":133,"column":16},"end":{"line":137,"column":36},"skip":true},"43":{"start":{"line":134,"column":20},"end":{"line":136,"column":55},"skip":true},"44":{"start":{"line":139,"column":16},"end":{"line":139,"column":57},"skip":true},"45":{"start":{"line":143,"column":8},"end":{"line":147,"column":11},"skip":true},"46":{"start":{"line":144,"column":12},"end":{"line":146,"column":15},"skip":true},"47":{"start":{"line":145,"column":16},"end":{"line":145,"column":70},"skip":true},"48":{"start":{"line":149,"column":8},"end":{"line":149,"column":31},"skip":true},"49":{"start":{"line":150,"column":8},"end":{"line":150,"column":14},"skip":true},"50":{"start":{"line":158,"column":8},"end":{"line":158,"column":31},"skip":true},"51":{"start":{"line":160,"column":8},"end":{"line":160,"column":33},"skip":true},"52":{"start":{"line":161,"column":8},"end":{"line":161,"column":37},"skip":true},"53":{"start":{"line":162,"column":8},"end":{"line":162,"column":35},"skip":true},"54":{"start":{"line":164,"column":8},"end":{"line":164,"column":50},"skip":true},"55":{"start":{"line":166,"column":8},"end":{"line":256,"column":2},"skip":true},"56":{"start":{"line":258,"column":8},"end":{"line":286,"column":9},"skip":true},"57":{"start":{"line":259,"column":12},"end":{"line":269,"column":14},"skip":true},"58":{"start":{"line":271,"column":12},"end":{"line":285,"column":19},"skip":true},"59":{"start":{"line":274,"column":20},"end":{"line":274,"column":35},"skip":true},"60":{"start":{"line":275,"column":20},"end":{"line":284,"column":21},"skip":true},"61":{"start":{"line":277,"column":24},"end":{"line":277,"column":64},"skip":true},"62":{"start":{"line":279,"column":24},"end":{"line":279,"column":40},"skip":true},"63":{"start":{"line":281,"column":24},"end":{"line":281,"column":40},"skip":true},"64":{"start":{"line":283,"column":24},"end":{"line":283,"column":39},"skip":true},"65":{"start":{"line":288,"column":8},"end":{"line":290,"column":9},"skip":true},"66":{"start":{"line":289,"column":12},"end":{"line":289,"column":18},"skip":true},"67":{"start":{"line":291,"column":8},"end":{"line":293,"column":54},"skip":true},"68":{"start":{"line":296,"column":8},"end":{"line":301,"column":37},"skip":true},"69":{"start":{"line":303,"column":8},"end":{"line":303,"column":82},"skip":true},"70":{"start":{"line":306,"column":8},"end":{"line":308,"column":9},"skip":true},"71":{"start":{"line":307,"column":12},"end":{"line":307,"column":82},"skip":true},"72":{"start":{"line":310,"column":8},"end":{"line":312,"column":9},"skip":true},"73":{"start":{"line":311,"column":12},"end":{"line":311,"column":18},"skip":true},"74":{"start":{"line":313,"column":8},"end":{"line":313,"column":54},"skip":true},"75":{"start":{"line":314,"column":8},"end":{"line":314,"column":69},"skip":true},"76":{"start":{"line":315,"column":8},"end":{"line":323,"column":36},"skip":true},"77":{"start":{"line":316,"column":12},"end":{"line":316,"column":61},"skip":true},"78":{"start":{"line":317,"column":12},"end":{"line":320,"column":13},"skip":true},"79":{"start":{"line":318,"column":16},"end":{"line":318,"column":75},"skip":true},"80":{"start":{"line":319,"column":16},"end":{"line":319,"column":23},"skip":true},"81":{"start":{"line":321,"column":12},"end":{"line":321,"column":38},"skip":true},"82":{"start":{"line":322,"column":12},"end":{"line":322,"column":27},"skip":true},"83":{"start":{"line":324,"column":8},"end":{"line":324,"column":14},"skip":true}},"branchMap":{"1":{"line":39,"type":"binary-expr","locations":[{"start":{"line":39,"column":23},"end":{"line":39,"column":62}},{"start":{"line":40,"column":20},"end":{"line":40,"column":70}},{"start":{"line":41,"column":20},"end":{"line":41,"column":71}},{"start":{"line":42,"column":20},"end":{"line":42,"column":29}}]},"2":{"line":44,"type":"binary-expr","locations":[{"start":{"line":44,"column":23},"end":{"line":44,"column":37}},{"start":{"line":45,"column":20},"end":{"line":45,"column":61}},{"start":{"line":46,"column":20},"end":{"line":46,"column":70}},{"start":{"line":47,"column":20},"end":{"line":47,"column":26}}]},"3":{"line":51,"type":"cond-expr","locations":[{"start":{"line":52,"column":14},"end":{"line":52,"column":20}},{"start":{"line":53,"column":14},"end":{"line":53,"column":20}}]},"4":{"line":55,"type":"binary-expr","locations":[{"start":{"line":55,"column":16},"end":{"line":55,"column":44}},{"start":{"line":55,"column":49},"end":{"line":57,"column":43}}]},"5":{"line":55,"type":"cond-expr","locations":[{"start":{"line":56,"column":14},"end":{"line":56,"column":50}},{"start":{"line":57,"column":14},"end":{"line":57,"column":43}}]},"6":{"line":61,"type":"switch","locations":[{"start":{"line":68,"column":4},"end":{"line":150,"column":14},"skip":true},{"start":{"line":156,"column":4},"end":{"line":324,"column":14},"skip":true}]},"7":{"line":70,"type":"if","locations":[{"start":{"line":70,"column":12},"end":{"line":70,"column":12},"skip":true},{"start":{"line":70,"column":12},"end":{"line":70,"column":12},"skip":true}]},"8":{"line":70,"type":"binary-expr","locations":[{"start":{"line":70,"column":16},"end":{"line":70,"column":22},"skip":true},{"start":{"line":70,"column":27},"end":{"line":70,"column":32},"skip":true},{"start":{"line":71,"column":20},"end":{"line":71,"column":39},"skip":true},{"start":{"line":72,"column":20},"end":{"line":72,"column":49},"skip":true},{"start":{"line":73,"column":20},"end":{"line":73,"column":58},"skip":true},{"start":{"line":74,"column":20},"end":{"line":74,"column":69},"skip":true}]},"9":{"line":79,"type":"switch","locations":[{"start":{"line":80,"column":20},"end":{"line":80,"column":33},"skip":true},{"start":{"line":81,"column":20},"end":{"line":83,"column":30},"skip":true},{"start":{"line":84,"column":20},"end":{"line":85,"column":49},"skip":true}]},"10":{"line":89,"type":"switch","locations":[{"start":{"line":90,"column":12},"end":{"line":103,"column":22},"skip":true},{"start":{"line":105,"column":12},"end":{"line":106,"column":22},"skip":true}]},"11":{"line":89,"type":"binary-expr","locations":[{"start":{"line":89,"column":20},"end":{"line":89,"column":25},"skip":true},{"start":{"line":89,"column":29},"end":{"line":89,"column":48},"skip":true},{"start":{"line":89,"column":52},"end":{"line":89,"column":74},"skip":true}]},"12":{"line":92,"type":"if","locations":[{"start":{"line":92,"column":16},"end":{"line":92,"column":16},"skip":true},{"start":{"line":92,"column":16},"end":{"line":92,"column":16},"skip":true}]},"13":{"line":108,"type":"if","locations":[{"start":{"line":108,"column":12},"end":{"line":108,"column":12},"skip":true},{"start":{"line":108,"column":12},"end":{"line":108,"column":12},"skip":true}]},"14":{"line":108,"type":"binary-expr","locations":[{"start":{"line":108,"column":16},"end":{"line":108,"column":61},"skip":true},{"start":{"line":108,"column":66},"end":{"line":108,"column":72},"skip":true},{"start":{"line":108,"column":77},"end":{"line":108,"column":82},"skip":true},{"start":{"line":109,"column":20},"end":{"line":109,"column":39},"skip":true},{"start":{"line":110,"column":20},"end":{"line":110,"column":49},"skip":true},{"start":{"line":111,"column":20},"end":{"line":111,"column":58},"skip":true},{"start":{"line":112,"column":20},"end":{"line":112,"column":68},"skip":true}]},"15":{"line":129,"type":"if","locations":[{"start":{"line":129,"column":16},"end":{"line":129,"column":16},"skip":true},{"start":{"line":129,"column":16},"end":{"line":129,"column":16},"skip":true}]},"16":{"line":134,"type":"cond-expr","locations":[{"start":{"line":135,"column":26},"end":{"line":135,"column":29},"skip":true},{"start":{"line":136,"column":26},"end":{"line":136,"column":54},"skip":true}]},"17":{"line":164,"type":"binary-expr","locations":[{"start":{"line":164,"column":27},"end":{"line":164,"column":43},"skip":true},{"start":{"line":164,"column":47},"end":{"line":164,"column":49},"skip":true}]},"18":{"line":258,"type":"if","locations":[{"start":{"line":258,"column":8},"end":{"line":258,"column":8},"skip":true},{"start":{"line":258,"column":8},"end":{"line":258,"column":8},"skip":true}]},"19":{"line":275,"type":"switch","locations":[{"start":{"line":276,"column":20},"end":{"line":277,"column":64},"skip":true},{"start":{"line":278,"column":20},"end":{"line":279,"column":40},"skip":true},{"start":{"line":280,"column":20},"end":{"line":281,"column":40},"skip":true},{"start":{"line":282,"column":20},"end":{"line":283,"column":39},"skip":true}]},"20":{"line":288,"type":"if","locations":[{"start":{"line":288,"column":8},"end":{"line":288,"column":8},"skip":true},{"start":{"line":288,"column":8},"end":{"line":288,"column":8},"skip":true}]},"21":{"line":288,"type":"binary-expr","locations":[{"start":{"line":288,"column":12},"end":{"line":288,"column":40},"skip":true},{"start":{"line":288,"column":44},"end":{"line":288,"column":67},"skip":true}]},"22":{"line":292,"type":"binary-expr","locations":[{"start":{"line":292,"column":12},"end":{"line":292,"column":50},"skip":true},{"start":{"line":293,"column":12},"end":{"line":293,"column":53},"skip":true}]},"23":{"line":297,"type":"binary-expr","locations":[{"start":{"line":297,"column":12},"end":{"line":297,"column":64},"skip":true},{"start":{"line":298,"column":12},"end":{"line":301,"column":36},"skip":true}]},"24":{"line":303,"type":"binary-expr","locations":[{"start":{"line":303,"column":43},"end":{"line":303,"column":75},"skip":true},{"start":{"line":303,"column":79},"end":{"line":303,"column":81},"skip":true}]},"25":{"line":306,"type":"if","locations":[{"start":{"line":306,"column":8},"end":{"line":306,"column":8},"skip":true},{"start":{"line":306,"column":8},"end":{"line":306,"column":8},"skip":true}]},"26":{"line":310,"type":"if","locations":[{"start":{"line":310,"column":8},"end":{"line":310,"column":8},"skip":true},{"start":{"line":310,"column":8},"end":{"line":310,"column":8},"skip":true}]},"27":{"line":313,"type":"binary-expr","locations":[{"start":{"line":313,"column":27},"end":{"line":313,"column":43},"skip":true},{"start":{"line":313,"column":47},"end":{"line":313,"column":53},"skip":true}]},"28":{"line":317,"type":"if","locations":[{"start":{"line":317,"column":12},"end":{"line":317,"column":12},"skip":true},{"start":{"line":317,"column":12},"end":{"line":317,"column":12},"skip":true}]}},"code":["/*","example.js","","quickstart example","","instruction","    1. save this script as example.js","    2. run the shell command:","        $ npm install npmtest-wechat && PORT=8081 node example.js","    3. play with the browser-demo on http://127.0.0.1:8081","*/","","","","/* istanbul instrument in package npmtest_wechat */","/*jslint","    bitwise: true,","    browser: true,","    maxerr: 8,","    maxlen: 96,","    node: true,","    nomen: true,","    regexp: true,","    stupid: true","*/","(function () {","    'use strict';","    var local;","","","","    // run shared js-env code - pre-init","    (function () {","        // init local","        local = {};","        // init modeJs","        local.modeJs = (function () {","            try {","                return typeof navigator.userAgent === 'string' &&","                    typeof document.querySelector('body') === 'object' &&","                    typeof XMLHttpRequest.prototype.open === 'function' &&","                    'browser';","            } catch (errorCaughtBrowser) {","                return module.exports &&","                    typeof process.versions.node === 'string' &&","                    typeof require('http').createServer === 'function' &&","                    'node';","            }","        }());","        // init global","        local.global = local.modeJs === 'browser'","            ? window","            : global;","        // init utility2_rollup","        local = local.global.utility2_rollup || (local.modeJs === 'browser'","            ? local.global.utility2_npmtest_wechat","            : global.utility2_moduleExports);","        // export local","        local.global.local = local;","    }());","    switch (local.modeJs) {","","","","    // post-init","    // run browser js-env code - post-init","    /* istanbul ignore next */","    case 'browser':","        local.testRunBrowser = function (event) {","            if (!event || (event &&","                    event.currentTarget &&","                    event.currentTarget.className &&","                    event.currentTarget.className.includes &&","                    event.currentTarget.className.includes('onreset'))) {","                // reset output","                Array.from(","                    document.querySelectorAll('body > .resettable')","                ).forEach(function (element) {","                    switch (element.tagName) {","                    case 'INPUT':","                    case 'TEXTAREA':","                        element.value = '';","                        break;","                    default:","                        element.textContent = '';","                    }","                });","            }","            switch (event && event.currentTarget && event.currentTarget.id) {","            case 'testRunButton1':","                // show tests","                if (document.querySelector('#testReportDiv1').style.display === 'none') {","                    document.querySelector('#testReportDiv1').style.display = 'block';","                    document.querySelector('#testRunButton1').textContent =","                        'hide internal test';","                    local.modeTest = true;","                    local.testRunDefault(local);","                // hide tests","                } else {","                    document.querySelector('#testReportDiv1').style.display = 'none';","                    document.querySelector('#testRunButton1').textContent = 'run internal test';","                }","                break;","            // custom-case","            default:","                break;","            }","            if (document.querySelector('#inputTextareaEval1') && (!event || (event &&","                    event.currentTarget &&","                    event.currentTarget.className &&","                    event.currentTarget.className.includes &&","                    event.currentTarget.className.includes('oneval')))) {","                // try to eval input-code","                try {","                    /*jslint evil: true*/","                    eval(document.querySelector('#inputTextareaEval1').value);","                } catch (errorCaught) {","                    console.error(errorCaught);","                }","            }","        };","        // log stderr and stdout to #outputTextareaStdout1","        ['error', 'log'].forEach(function (key) {","            console[key + '_original'] = console[key];","            console[key] = function () {","                var element;","                console[key + '_original'].apply(console, arguments);","                element = document.querySelector('#outputTextareaStdout1');","                if (!element) {","                    return;","                }","                // append text to #outputTextareaStdout1","                element.value += Array.from(arguments).map(function (arg) {","                    return typeof arg === 'string'","                        ? arg","                        : JSON.stringify(arg, null, 4);","                }).join(' ') + '\\n';","                // scroll textarea to bottom","                element.scrollTop = element.scrollHeight;","            };","        });","        // init event-handling","        ['change', 'click', 'keyup'].forEach(function (event) {","            Array.from(document.querySelectorAll('.on' + event)).forEach(function (element) {","                element.addEventListener(event, local.testRunBrowser);","            });","        });","        // run tests","        local.testRunBrowser();","        break;","","","","    // run node js-env code - post-init","    /* istanbul ignore next */","    case 'node':","        // export local","        module.exports = local;","        // require modules","        local.fs = require('fs');","        local.http = require('http');","        local.url = require('url');","        // init assets","        local.assetsDict = local.assetsDict || {};","        /* jslint-ignore-begin */","        local.assetsDict['/assets.index.template.html'] = '\\","<!doctype html>\\n\\","<html lang=\"en\">\\n\\","<head>\\n\\","<meta charset=\"UTF-8\">\\n\\","<meta name=\"viewport\" content=\"width=device-width, initial-scale=1\">\\n\\","<title>{{env.npm_package_name}} (v{{env.npm_package_version}})</title>\\n\\","<style>\\n\\","/*csslint\\n\\","    box-sizing: false,\\n\\","    universal-selector: false\\n\\","*/\\n\\","* {\\n\\","    box-sizing: border-box;\\n\\","}\\n\\","body {\\n\\","    background: #dde;\\n\\","    font-family: Arial, Helvetica, sans-serif;\\n\\","    margin: 2rem;\\n\\","}\\n\\","body > * {\\n\\","    margin-bottom: 1rem;\\n\\","}\\n\\",".utility2FooterDiv {\\n\\","    margin-top: 20px;\\n\\","    text-align: center;\\n\\","}\\n\\","</style>\\n\\","<style>\\n\\","/*csslint\\n\\","*/\\n\\","textarea {\\n\\","    font-family: monospace;\\n\\","    height: 10rem;\\n\\","    width: 100%;\\n\\","}\\n\\","textarea[readonly] {\\n\\","    background: #ddd;\\n\\","}\\n\\","</style>\\n\\","</head>\\n\\","<body>\\n\\","<!-- utility2-comment\\n\\","<div id=\"ajaxProgressDiv1\" style=\"background: #d00; height: 2px; left: 0; margin: 0; padding: 0; position: fixed; top: 0; transition: background 0.5s, width 1.5s; width: 25%;\"></div>\\n\\","utility2-comment -->\\n\\","<h1>\\n\\","<!-- utility2-comment\\n\\","    <a\\n\\","        {{#if env.npm_package_homepage}}\\n\\","        href=\"{{env.npm_package_homepage}}\"\\n\\","        {{/if env.npm_package_homepage}}\\n\\","        target=\"_blank\"\\n\\","    >\\n\\","utility2-comment -->\\n\\","        {{env.npm_package_name}} (v{{env.npm_package_version}})\\n\\","<!-- utility2-comment\\n\\","    </a>\\n\\","utility2-comment -->\\n\\","</h1>\\n\\","<h3>{{env.npm_package_description}}</h3>\\n\\","<!-- utility2-comment\\n\\","<h4><a download href=\"assets.app.js\">download standalone app</a></h4>\\n\\","<button class=\"onclick onreset\" id=\"testRunButton1\">run internal test</button><br>\\n\\","<div id=\"testReportDiv1\" style=\"display: none;\"></div>\\n\\","utility2-comment -->\\n\\","\\n\\","\\n\\","\\n\\","<label>stderr and stdout</label>\\n\\","<textarea class=\"resettable\" id=\"outputTextareaStdout1\" readonly></textarea>\\n\\","<!-- utility2-comment\\n\\","{{#if isRollup}}\\n\\","<script src=\"assets.app.js\"></script>\\n\\","{{#unless isRollup}}\\n\\","utility2-comment -->\\n\\","<script src=\"assets.utility2.rollup.js\"></script>\\n\\","<script src=\"jsonp.utility2._stateInit?callback=window.utility2._stateInit\"></script>\\n\\","<script src=\"assets.npmtest_wechat.rollup.js\"></script>\\n\\","<script src=\"assets.example.js\"></script>\\n\\","<script src=\"assets.test.js\"></script>\\n\\","<!-- utility2-comment\\n\\","{{/if isRollup}}\\n\\","utility2-comment -->\\n\\","<div class=\"utility2FooterDiv\">\\n\\","    [ this app was created with\\n\\","    <a href=\"https://github.com/kaizhu256/node-utility2\" target=\"_blank\">utility2</a>\\n\\","    ]\\n\\","</div>\\n\\","</body>\\n\\","</html>\\n\\","';","        /* jslint-ignore-end */","        if (local.templateRender) {","            local.assetsDict['/'] = local.templateRender(","                local.assetsDict['/assets.index.template.html'],","                {","                    env: local.objectSetDefault(local.env, {","                        npm_package_description: 'the greatest app in the world!',","                        npm_package_name: 'my-app',","                        npm_package_nameAlias: 'my_app',","                        npm_package_version: '0.0.1'","                    })","                }","            );","        } else {","            local.assetsDict['/'] = local.assetsDict['/assets.index.template.html']","                .replace((/\\{\\{env\\.(\\w+?)\\}\\}/g), function (match0, match1) {","                    // jslint-hack","                    String(match0);","                    switch (match1) {","                    case 'npm_package_description':","                        return 'the greatest app in the world!';","                    case 'npm_package_name':","                        return 'my-app';","                    case 'npm_package_nameAlias':","                        return 'my_app';","                    case 'npm_package_version':","                        return '0.0.1';","                    }","                });","        }","        // run the cli","        if (local.global.utility2_rollup || module !== require.main) {","            break;","        }","        local.assetsDict['/assets.example.js'] =","            local.assetsDict['/assets.example.js'] ||","            local.fs.readFileSync(__filename, 'utf8');","        // bug-workaround - long $npm_package_buildCustomOrg","        /* jslint-ignore-begin */","        local.assetsDict['/assets.npmtest_wechat.rollup.js'] =","            local.assetsDict['/assets.npmtest_wechat.rollup.js'] ||","            local.fs.readFileSync(","                local.npmtest_wechat.__dirname + '/lib.npmtest_wechat.js',","                'utf8'","            ).replace((/^#!/), '//');","        /* jslint-ignore-end */","        local.assetsDict['/favicon.ico'] = local.assetsDict['/favicon.ico'] || '';","        // if $npm_config_timeout_exit exists,","        // then exit this process after $npm_config_timeout_exit ms","        if (Number(process.env.npm_config_timeout_exit)) {","            setTimeout(process.exit, Number(process.env.npm_config_timeout_exit));","        }","        // start server","        if (local.global.utility2_serverHttp1) {","            break;","        }","        process.env.PORT = process.env.PORT || '8081';","        console.error('server starting on port ' + process.env.PORT);","        local.http.createServer(function (request, response) {","            request.urlParsed = local.url.parse(request.url);","            if (local.assetsDict[request.urlParsed.pathname] !== undefined) {","                response.end(local.assetsDict[request.urlParsed.pathname]);","                return;","            }","            response.statusCode = 404;","            response.end();","        }).listen(process.env.PORT);","        break;","    }","}());",""],"l":{"26":2,"28":2,"33":2,"35":2,"37":2,"38":2,"39":2,"44":1,"51":2,"55":2,"59":2,"61":2,"69":1,"70":2,"76":2,"79":2,"82":2,"83":2,"85":1,"89":2,"92":1,"93":1,"94":1,"96":1,"97":1,"100":1,"101":1,"103":1,"106":1,"108":2,"114":1,"116":1,"118":1,"123":1,"124":2,"125":2,"126":3,"127":3,"128":3,"129":3,"130":1,"133":3,"134":3,"139":3,"143":1,"144":3,"145":1,"149":1,"150":1,"158":1,"160":1,"161":1,"162":1,"164":1,"166":1,"258":1,"259":1,"271":1,"274":6,"275":6,"277":1,"279":2,"281":1,"283":2,"288":1,"289":1,"291":1,"296":1,"303":1,"306":1,"307":1,"310":1,"311":1,"313":1,"314":1,"315":1,"316":1,"317":1,"318":1,"319":1,"321":1,"322":1,"324":1}},"/home/travis/build/npmtest/node-npmtest-wechat/node_modules/wechat/index.js":{"path":"/home/travis/build/npmtest/node-npmtest-wechat/node_modules/wechat/index.js","s":{"1":1,"2":1,"3":1,"4":1},"b":{},"f":{},"fnMap":{},"statementMap":{"1":{"start":{"line":1,"column":0},"end":{"line":1,"column":37}},"2":{"start":{"line":3,"column":0},"end":{"line":3,"column":36}},"3":{"start":{"line":5,"column":0},"end":{"line":5,"column":39}},"4":{"start":{"line":7,"column":0},"end":{"line":7,"column":24}}},"branchMap":{},"code":["var wechat = require('./lib/wechat');","// 等待回复","wechat.List = require('./lib/list');","// 事件","wechat.Event = require('./lib/events');","","module.exports = wechat;",""],"l":{"1":1,"3":1,"5":1,"7":1}},"/home/travis/build/npmtest/node-npmtest-wechat/node_modules/wechat/lib/wechat.js":{"path":"/home/travis/build/npmtest/node-npmtest-wechat/node_modules/wechat/lib/wechat.js","s":{"1":1,"2":1,"3":1,"4":1,"5":1,"6":1,"7":1,"8":0,"9":0,"10":0,"11":0,"12":0,"13":0,"14":0,"15":1,"16":1,"17":1,"18":1,"19":1,"20":0,"21":0,"22":0,"23":0,"24":0,"25":0,"26":0,"27":0,"28":0,"29":1,"30":0,"31":0,"32":0,"33":0,"34":0,"35":0,"36":1,"37":0,"38":0,"39":0,"40":0,"41":0,"42":0,"43":0,"44":0,"45":0,"46":0,"47":0,"48":0,"49":0,"50":0,"51":0,"52":1,"53":0,"54":0,"55":0,"56":0,"57":0,"58":0,"59":0,"60":0,"61":0,"62":0,"63":0,"64":0,"65":0,"66":0,"67":0,"68":0,"69":0,"70":0,"71":0,"72":0,"73":0,"74":0,"75":0,"76":0,"77":0,"78":0,"79":0,"80":0,"81":0,"82":0,"83":0,"84":0,"85":1,"86":0,"87":0,"88":0,"89":0,"90":0,"91":0,"92":0,"93":0,"94":0,"95":1,"96":0,"97":0,"98":0,"99":1,"100":0,"101":0,"102":0,"103":0,"104":0,"105":0,"106":0,"107":0,"108":0,"109":0,"110":0,"111":0,"112":0,"113":0,"114":0,"115":0,"116":0,"117":0,"118":0,"119":0,"120":0,"121":0,"122":0,"123":0,"124":0,"125":0,"126":0,"127":0,"128":0,"129":0,"130":0,"131":0,"132":0,"133":0,"134":0,"135":0,"136":0,"137":0,"138":0,"139":0,"140":0,"141":0,"142":0,"143":0,"144":0,"145":0,"146":0,"147":0,"148":0,"149":0,"150":0,"151":0,"152":0,"153":0,"154":0,"155":0,"156":0,"157":0,"158":0,"159":0,"160":1,"161":0,"162":0,"163":0,"164":0,"165":1,"166":0,"167":0,"168":0,"169":0,"170":0,"171":0,"172":0,"173":0,"174":0,"175":1,"176":0,"177":0,"178":1,"179":11,"180":0,"181":1,"182":0,"183":0,"184":1,"185":0,"186":0,"187":0,"188":0,"189":0,"190":0,"191":0,"192":0,"193":0,"194":0,"195":0,"196":0,"197":0,"198":0,"199":0,"200":0,"201":0,"202":0,"203":0,"204":0,"205":0,"206":0,"207":0,"208":0,"209":0,"210":0,"211":0,"212":0,"213":0,"214":0,"215":0,"216":0,"217":0,"218":0,"219":0,"220":0,"221":0,"222":0,"223":0,"224":0,"225":0,"226":0,"227":0,"228":0,"229":0,"230":0,"231":0,"232":0,"233":1,"234":0,"235":0,"236":0,"237":0,"238":0,"239":0,"240":0,"241":0,"242":0,"243":0,"244":0,"245":0,"246":0,"247":0,"248":0,"249":0,"250":0,"251":0,"252":0,"253":0,"254":0,"255":0,"256":0,"257":0,"258":0,"259":0,"260":0,"261":0,"262":1,"263":0,"264":0,"265":0,"266":0,"267":0,"268":0,"269":1,"270":8,"271":0,"272":1,"273":1,"274":1,"275":1,"276":1},"b":{"1":[0,0],"2":[0,0],"3":[0,0],"4":[0,0],"5":[0,0],"6":[0,0],"7":[0,0],"8":[0,0],"9":[0,0],"10":[0,0],"11":[0,0,0],"12":[0,0],"13":[0,0],"14":[0,0],"15":[0,0],"16":[0,0],"17":[0,0],"18":[0,0],"19":[0,0],"20":[0,0],"21":[0,0],"22":[0,0],"23":[0,0],"24":[0,0],"25":[0,0],"26":[0,0],"27":[0,0],"28":[0,0],"29":[0,0,0],"30":[0,0],"31":[0,0],"32":[0,0],"33":[0,0],"34":[0,0],"35":[0,0],"36":[0,0],"37":[0,0],"38":[0,0],"39":[0,0],"40":[0,0],"41":[0,0],"42":[0,0],"43":[0,0],"44":[0,0],"45":[0,0,0],"46":[0,0],"47":[0,0],"48":[0,0],"49":[0,0],"50":[0,0],"51":[0,0],"52":[0,0],"53":[0,0],"54":[0,0],"55":[0,0],"56":[0,0],"57":[0,0],"58":[0,0],"59":[0,0],"60":[0,0],"61":[0,0],"62":[0,0],"63":[0,0],"64":[0,0],"65":[0,0],"66":[0,0],"67":[0,0]},"f":{"1":0,"2":0,"3":0,"4":0,"5":0,"6":0,"7":0,"8":0,"9":0,"10":0,"11":0,"12":0,"13":0,"14":0,"15":0,"16":0,"17":0,"18":0,"19":0,"20":0,"21":0,"22":0,"23":0,"24":0,"25":0,"26":0,"27":11,"28":0,"29":0,"30":0,"31":0,"32":0,"33":0,"34":0,"35":0,"36":0,"37":0,"38":0,"39":8,"40":0},"fnMap":{"1":{"name":"(anonymous_1)","line":11,"loc":{"start":{"line":11,"column":21},"end":{"line":11,"column":45}}},"2":{"name":"(anonymous_2)","line":118,"loc":{"start":{"line":118,"column":11},"end":{"line":118,"column":39}}},"3":{"name":"(anonymous_3)","line":128,"loc":{"start":{"line":128,"column":20},"end":{"line":128,"column":37}}},"4":{"name":"(anonymous_4)","line":131,"loc":{"start":{"line":131,"column":19},"end":{"line":131,"column":31}}},"5":{"name":"(anonymous_5)","line":140,"loc":{"start":{"line":140,"column":17},"end":{"line":140,"column":45}}},"6":{"name":"(anonymous_6)","line":141,"loc":{"start":{"line":141,"column":15},"end":{"line":141,"column":35}}},"7":{"name":"(anonymous_7)","line":154,"loc":{"start":{"line":154,"column":20},"end":{"line":154,"column":38}}},"8":{"name":"(anonymous_8)","line":170,"loc":{"start":{"line":170,"column":28},"end":{"line":170,"column":44}}},"9":{"name":"(anonymous_9)","line":184,"loc":{"start":{"line":184,"column":12},"end":{"line":184,"column":66}}},"10":{"name":"(anonymous_10)","line":228,"loc":{"start":{"line":228,"column":28},"end":{"line":228,"column":75}}},"11":{"name":"(anonymous_11)","line":241,"loc":{"start":{"line":241,"column":14},"end":{"line":241,"column":33}}},"12":{"name":"(anonymous_12)","line":242,"loc":{"start":{"line":242,"column":9},"end":{"line":242,"column":35}}},"13":{"name":"encryptXml","line":250,"loc":{"start":{"line":250,"column":4},"end":{"line":250,"column":29}}},"14":{"name":"(anonymous_14)","line":265,"loc":{"start":{"line":265,"column":16},"end":{"line":265,"column":35}}},"15":{"name":"(anonymous_15)","line":276,"loc":{"start":{"line":276,"column":35},"end":{"line":276,"column":56}}},"16":{"name":"(anonymous_16)","line":282,"loc":{"start":{"line":282,"column":15},"end":{"line":282,"column":27}}},"17":{"name":"(anonymous_17)","line":287,"loc":{"start":{"line":287,"column":22},"end":{"line":287,"column":41}}},"18":{"name":"(anonymous_18)","line":288,"loc":{"start":{"line":288,"column":34},"end":{"line":288,"column":53}}},"19":{"name":"(anonymous_19)","line":290,"loc":{"start":{"line":290,"column":14},"end":{"line":290,"column":40}}},"20":{"name":"(anonymous_20)","line":313,"loc":{"start":{"line":313,"column":16},"end":{"line":313,"column":28}}},"21":{"name":"(anonymous_21)","line":320,"loc":{"start":{"line":320,"column":17},"end":{"line":320,"column":43}}},"22":{"name":"(anonymous_22)","line":335,"loc":{"start":{"line":335,"column":19},"end":{"line":335,"column":31}}},"23":{"name":"(anonymous_23)","line":340,"loc":{"start":{"line":340,"column":26},"end":{"line":340,"column":50}}},"24":{"name":"(anonymous_24)","line":365,"loc":{"start":{"line":365,"column":14},"end":{"line":365,"column":39}}},"25":{"name":"(anonymous_25)","line":373,"loc":{"start":{"line":373,"column":29},"end":{"line":373,"column":46}}},"26":{"name":"(anonymous_26)","line":403,"loc":{"start":{"line":403,"column":31},"end":{"line":403,"column":51}}},"27":{"name":"(anonymous_27)","line":408,"loc":{"start":{"line":408,"column":130},"end":{"line":408,"column":148}}},"28":{"name":"(anonymous_28)","line":409,"loc":{"start":{"line":409,"column":30},"end":{"line":409,"column":44}}},"29":{"name":"(anonymous_29)","line":418,"loc":{"start":{"line":418,"column":31},"end":{"line":418,"column":47}}},"30":{"name":"(anonymous_30)","line":419,"loc":{"start":{"line":419,"column":47},"end":{"line":419,"column":79}}},"31":{"name":"(anonymous_31)","line":424,"loc":{"start":{"line":424,"column":19},"end":{"line":424,"column":61}}},"32":{"name":"(anonymous_32)","line":446,"loc":{"start":{"line":446,"column":14},"end":{"line":446,"column":34}}},"33":{"name":"(anonymous_33)","line":456,"loc":{"start":{"line":456,"column":44},"end":{"line":456,"column":67}}},"34":{"name":"(anonymous_34)","line":476,"loc":{"start":{"line":476,"column":57},"end":{"line":476,"column":80}}},"35":{"name":"(anonymous_35)","line":495,"loc":{"start":{"line":495,"column":33},"end":{"line":495,"column":45}}},"36":{"name":"(anonymous_36)","line":502,"loc":{"start":{"line":502,"column":9},"end":{"line":502,"column":35}}},"37":{"name":"(anonymous_37)","line":522,"loc":{"start":{"line":522,"column":24},"end":{"line":522,"column":47}}},"38":{"name":"(anonymous_38)","line":583,"loc":{"start":{"line":583,"column":17},"end":{"line":583,"column":42}}},"39":{"name":"(anonymous_39)","line":596,"loc":{"start":{"line":596,"column":87},"end":{"line":596,"column":105}}},"40":{"name":"(anonymous_40)","line":597,"loc":{"start":{"line":597,"column":23},"end":{"line":597,"column":37}}}},"statementMap":{"1":{"start":{"line":1,"column":0},"end":{"line":1,"column":31}},"2":{"start":{"line":2,"column":0},"end":{"line":2,"column":31}},"3":{"start":{"line":3,"column":0},"end":{"line":3,"column":25}},"4":{"start":{"line":4,"column":0},"end":{"line":4,"column":35}},"5":{"start":{"line":5,"column":0},"end":{"line":5,"column":29}},"6":{"start":{"line":6,"column":0},"end":{"line":6,"column":45}},"7":{"start":{"line":11,"column":0},"end":{"line":21,"column":2}},"8":{"start":{"line":12,"column":2},"end":{"line":12,"column":34}},"9":{"start":{"line":13,"column":2},"end":{"line":13,"column":34}},"10":{"start":{"line":14,"column":2},"end":{"line":14,"column":26}},"11":{"start":{"line":16,"column":2},"end":{"line":16,"column":41}},"12":{"start":{"line":17,"column":2},"end":{"line":17,"column":45}},"13":{"start":{"line":18,"column":2},"end":{"line":18,"column":30}},"14":{"start":{"line":20,"column":2},"end":{"line":20,"column":44}},"15":{"start":{"line":26,"column":0},"end":{"line":102,"column":21}},"16":{"start":{"line":107,"column":0},"end":{"line":107,"column":32}},"17":{"start":{"line":109,"column":0},"end":{"line":114,"column":9}},"18":{"start":{"line":116,"column":0},"end":{"line":116,"column":39}},"19":{"start":{"line":118,"column":0},"end":{"line":135,"column":2}},"20":{"start":{"line":122,"column":2},"end":{"line":125,"column":3}},"21":{"start":{"line":123,"column":4},"end":{"line":123,"column":35}},"22":{"start":{"line":124,"column":4},"end":{"line":124,"column":11}},"23":{"start":{"line":127,"column":2},"end":{"line":127,"column":19}},"24":{"start":{"line":128,"column":2},"end":{"line":130,"column":5}},"25":{"start":{"line":129,"column":4},"end":{"line":129,"column":24}},"26":{"start":{"line":131,"column":2},"end":{"line":133,"column":5}},"27":{"start":{"line":132,"column":4},"end":{"line":132,"column":43}},"28":{"start":{"line":134,"column":2},"end":{"line":134,"column":33}},"29":{"start":{"line":140,"column":0},"end":{"line":149,"column":2}},"30":{"start":{"line":141,"column":2},"end":{"line":148,"column":5}},"31":{"start":{"line":142,"column":4},"end":{"line":144,"column":5}},"32":{"start":{"line":143,"column":6},"end":{"line":143,"column":27}},"33":{"start":{"line":145,"column":4},"end":{"line":145,"column":36}},"34":{"start":{"line":146,"column":4},"end":{"line":146,"column":28}},"35":{"start":{"line":147,"column":4},"end":{"line":147,"column":52}},"36":{"start":{"line":154,"column":0},"end":{"line":179,"column":2}},"37":{"start":{"line":155,"column":2},"end":{"line":155,"column":19}},"38":{"start":{"line":156,"column":2},"end":{"line":178,"column":3}},"39":{"start":{"line":157,"column":4},"end":{"line":174,"column":5}},"40":{"start":{"line":158,"column":6},"end":{"line":160,"column":7}},"41":{"start":{"line":159,"column":8},"end":{"line":159,"column":17}},"42":{"start":{"line":161,"column":6},"end":{"line":173,"column":7}},"43":{"start":{"line":162,"column":8},"end":{"line":162,"column":33}},"44":{"start":{"line":163,"column":8},"end":{"line":167,"column":9}},"45":{"start":{"line":164,"column":10},"end":{"line":164,"column":44}},"46":{"start":{"line":166,"column":10},"end":{"line":166,"column":44}},"47":{"start":{"line":169,"column":8},"end":{"line":169,"column":26}},"48":{"start":{"line":170,"column":8},"end":{"line":172,"column":11}},"49":{"start":{"line":171,"column":10},"end":{"line":171,"column":49}},"50":{"start":{"line":175,"column":4},"end":{"line":175,"column":19}},"51":{"start":{"line":177,"column":4},"end":{"line":177,"column":18}},"52":{"start":{"line":184,"column":0},"end":{"line":226,"column":2}},"53":{"start":{"line":185,"column":2},"end":{"line":185,"column":16}},"54":{"start":{"line":186,"column":2},"end":{"line":186,"column":20}},"55":{"start":{"line":187,"column":2},"end":{"line":187,"column":31}},"56":{"start":{"line":188,"column":2},"end":{"line":188,"column":41}},"57":{"start":{"line":189,"column":2},"end":{"line":221,"column":3}},"58":{"start":{"line":190,"column":4},"end":{"line":190,"column":41}},"59":{"start":{"line":191,"column":4},"end":{"line":191,"column":37}},"60":{"start":{"line":192,"column":4},"end":{"line":192,"column":70}},"61":{"start":{"line":193,"column":4},"end":{"line":193,"column":57}},"62":{"start":{"line":194,"column":4},"end":{"line":202,"column":5}},"63":{"start":{"line":195,"column":6},"end":{"line":195,"column":26}},"64":{"start":{"line":196,"column":6},"end":{"line":196,"column":55}},"65":{"start":{"line":198,"column":6},"end":{"line":200,"column":7}},"66":{"start":{"line":199,"column":8},"end":{"line":199,"column":34}},"67":{"start":{"line":201,"column":6},"end":{"line":201,"column":60}},"68":{"start":{"line":203,"column":4},"end":{"line":203,"column":27}},"69":{"start":{"line":204,"column":4},"end":{"line":206,"column":5}},"70":{"start":{"line":205,"column":6},"end":{"line":205,"column":39}},"71":{"start":{"line":207,"column":9},"end":{"line":221,"column":3}},"72":{"start":{"line":208,"column":4},"end":{"line":208,"column":18}},"73":{"start":{"line":209,"column":9},"end":{"line":221,"column":3}},"74":{"start":{"line":210,"column":4},"end":{"line":220,"column":5}},"75":{"start":{"line":211,"column":6},"end":{"line":211,"column":26}},"76":{"start":{"line":212,"column":6},"end":{"line":214,"column":7}},"77":{"start":{"line":213,"column":8},"end":{"line":213,"column":39}},"78":{"start":{"line":215,"column":6},"end":{"line":217,"column":7}},"79":{"start":{"line":216,"column":8},"end":{"line":216,"column":41}},"80":{"start":{"line":219,"column":6},"end":{"line":219,"column":21}},"81":{"start":{"line":222,"column":2},"end":{"line":222,"column":22}},"82":{"start":{"line":223,"column":2},"end":{"line":223,"column":31}},"83":{"start":{"line":224,"column":2},"end":{"line":224,"column":35}},"84":{"start":{"line":225,"column":2},"end":{"line":225,"column":24}},"85":{"start":{"line":228,"column":0},"end":{"line":239,"column":2}},"86":{"start":{"line":229,"column":2},"end":{"line":229,"column":16}},"87":{"start":{"line":230,"column":2},"end":{"line":230,"column":45}},"88":{"start":{"line":231,"column":2},"end":{"line":231,"column":41}},"89":{"start":{"line":232,"column":2},"end":{"line":232,"column":31}},"90":{"start":{"line":233,"column":2},"end":{"line":233,"column":35}},"91":{"start":{"line":234,"column":2},"end":{"line":234,"column":20}},"92":{"start":{"line":235,"column":2},"end":{"line":237,"column":3}},"93":{"start":{"line":236,"column":4},"end":{"line":236,"column":39}},"94":{"start":{"line":238,"column":2},"end":{"line":238,"column":24}},"95":{"start":{"line":241,"column":0},"end":{"line":358,"column":2}},"96":{"start":{"line":242,"column":2},"end":{"line":357,"column":4}},"97":{"start":{"line":243,"column":4},"end":{"line":243,"column":29}},"98":{"start":{"line":244,"column":4},"end":{"line":244,"column":55}},"99":{"start":{"line":250,"column":4},"end":{"line":263,"column":5}},"100":{"start":{"line":251,"column":6},"end":{"line":262,"column":7}},"101":{"start":{"line":252,"column":8},"end":{"line":252,"column":19}},"102":{"start":{"line":255,"column":8},"end":{"line":255,"column":53}},"103":{"start":{"line":256,"column":8},"end":{"line":256,"column":22}},"104":{"start":{"line":257,"column":8},"end":{"line":257,"column":44}},"105":{"start":{"line":258,"column":8},"end":{"line":258,"column":66}},"106":{"start":{"line":259,"column":8},"end":{"line":259,"column":46}},"107":{"start":{"line":260,"column":8},"end":{"line":260,"column":88}},"108":{"start":{"line":261,"column":8},"end":{"line":261,"column":33}},"109":{"start":{"line":265,"column":4},"end":{"line":273,"column":6}},"110":{"start":{"line":266,"column":6},"end":{"line":266,"column":25}},"111":{"start":{"line":268,"column":6},"end":{"line":270,"column":7}},"112":{"start":{"line":269,"column":8},"end":{"line":269,"column":27}},"113":{"start":{"line":272,"column":6},"end":{"line":272,"column":93}},"114":{"start":{"line":276,"column":4},"end":{"line":280,"column":6}},"115":{"start":{"line":277,"column":6},"end":{"line":277,"column":25}},"116":{"start":{"line":279,"column":6},"end":{"line":279,"column":102}},"117":{"start":{"line":282,"column":4},"end":{"line":307,"column":6}},"118":{"start":{"line":284,"column":6},"end":{"line":299,"column":7}},"119":{"start":{"line":285,"column":8},"end":{"line":285,"column":49}},"120":{"start":{"line":286,"column":8},"end":{"line":286,"column":47}},"121":{"start":{"line":287,"column":8},"end":{"line":293,"column":10}},"122":{"start":{"line":288,"column":10},"end":{"line":292,"column":12}},"123":{"start":{"line":289,"column":12},"end":{"line":289,"column":31}},"124":{"start":{"line":291,"column":12},"end":{"line":291,"column":31}},"125":{"start":{"line":296,"column":8},"end":{"line":298,"column":9}},"126":{"start":{"line":297,"column":10},"end":{"line":297,"column":75}},"127":{"start":{"line":302,"column":6},"end":{"line":306,"column":7}},"128":{"start":{"line":303,"column":8},"end":{"line":303,"column":33}},"129":{"start":{"line":305,"column":8},"end":{"line":305,"column":42}},"130":{"start":{"line":309,"column":4},"end":{"line":356,"column":5}},"131":{"start":{"line":310,"column":6},"end":{"line":310,"column":37}},"132":{"start":{"line":311,"column":6},"end":{"line":311,"column":25}},"133":{"start":{"line":312,"column":6},"end":{"line":312,"column":67}},"134":{"start":{"line":313,"column":6},"end":{"line":318,"column":8}},"135":{"start":{"line":314,"column":8},"end":{"line":314,"column":35}},"136":{"start":{"line":315,"column":8},"end":{"line":317,"column":9}},"137":{"start":{"line":316,"column":10},"end":{"line":316,"column":31}},"138":{"start":{"line":320,"column":6},"end":{"line":332,"column":8}},"139":{"start":{"line":321,"column":8},"end":{"line":321,"column":34}},"140":{"start":{"line":322,"column":8},"end":{"line":331,"column":9}},"141":{"start":{"line":323,"column":10},"end":{"line":323,"column":37}},"142":{"start":{"line":324,"column":10},"end":{"line":324,"column":38}},"143":{"start":{"line":326,"column":10},"end":{"line":326,"column":57}},"144":{"start":{"line":327,"column":10},"end":{"line":327,"column":42}},"145":{"start":{"line":328,"column":10},"end":{"line":328,"column":29}},"146":{"start":{"line":329,"column":10},"end":{"line":329,"column":28}},"147":{"start":{"line":330,"column":10},"end":{"line":330,"column":36}},"148":{"start":{"line":335,"column":6},"end":{"line":338,"column":8}},"149":{"start":{"line":336,"column":8},"end":{"line":336,"column":35}},"150":{"start":{"line":337,"column":8},"end":{"line":337,"column":40}},"151":{"start":{"line":340,"column":6},"end":{"line":353,"column":9}},"152":{"start":{"line":341,"column":8},"end":{"line":351,"column":9}},"153":{"start":{"line":342,"column":10},"end":{"line":342,"column":51}},"154":{"start":{"line":343,"column":10},"end":{"line":343,"column":52}},"155":{"start":{"line":346,"column":10},"end":{"line":348,"column":11}},"156":{"start":{"line":347,"column":12},"end":{"line":347,"column":70}},"157":{"start":{"line":350,"column":10},"end":{"line":350,"column":60}},"158":{"start":{"line":352,"column":8},"end":{"line":352,"column":15}},"159":{"start":{"line":355,"column":6},"end":{"line":355,"column":13}},"160":{"start":{"line":365,"column":0},"end":{"line":371,"column":2}},"161":{"start":{"line":366,"column":2},"end":{"line":368,"column":3}},"162":{"start":{"line":367,"column":4},"end":{"line":367,"column":25}},"163":{"start":{"line":369,"column":2},"end":{"line":369,"column":21}},"164":{"start":{"line":370,"column":2},"end":{"line":370,"column":23}},"165":{"start":{"line":373,"column":0},"end":{"line":387,"column":2}},"166":{"start":{"line":374,"column":2},"end":{"line":386,"column":3}},"167":{"start":{"line":375,"column":4},"end":{"line":375,"column":23}},"168":{"start":{"line":376,"column":4},"end":{"line":376,"column":31}},"169":{"start":{"line":378,"column":4},"end":{"line":378,"column":29}},"170":{"start":{"line":379,"column":4},"end":{"line":379,"column":29}},"171":{"start":{"line":380,"column":4},"end":{"line":380,"column":47}},"172":{"start":{"line":381,"column":4},"end":{"line":385,"column":5}},"173":{"start":{"line":382,"column":6},"end":{"line":382,"column":33}},"174":{"start":{"line":384,"column":6},"end":{"line":384,"column":48}},"175":{"start":{"line":403,"column":0},"end":{"line":406,"column":2}},"176":{"start":{"line":404,"column":2},"end":{"line":404,"column":27}},"177":{"start":{"line":405,"column":2},"end":{"line":405,"column":14}},"178":{"start":{"line":408,"column":0},"end":{"line":412,"column":3}},"179":{"start":{"line":409,"column":2},"end":{"line":411,"column":4}},"180":{"start":{"line":410,"column":4},"end":{"line":410,"column":39}},"181":{"start":{"line":418,"column":0},"end":{"line":422,"column":2}},"182":{"start":{"line":419,"column":2},"end":{"line":421,"column":4}},"183":{"start":{"line":420,"column":4},"end":{"line":420,"column":11}},"184":{"start":{"line":424,"column":0},"end":{"line":490,"column":2}},"185":{"start":{"line":425,"column":2},"end":{"line":425,"column":26}},"186":{"start":{"line":427,"column":2},"end":{"line":427,"column":42}},"187":{"start":{"line":428,"column":2},"end":{"line":428,"column":38}},"188":{"start":{"line":429,"column":2},"end":{"line":429,"column":30}},"189":{"start":{"line":432,"column":2},"end":{"line":432,"column":44}},"190":{"start":{"line":434,"column":2},"end":{"line":489,"column":3}},"191":{"start":{"line":435,"column":4},"end":{"line":435,"column":36}},"192":{"start":{"line":436,"column":4},"end":{"line":440,"column":5}},"193":{"start":{"line":437,"column":6},"end":{"line":437,"column":25}},"194":{"start":{"line":438,"column":6},"end":{"line":438,"column":35}},"195":{"start":{"line":439,"column":6},"end":{"line":439,"column":13}},"196":{"start":{"line":441,"column":4},"end":{"line":441,"column":42}},"197":{"start":{"line":443,"column":4},"end":{"line":443,"column":23}},"198":{"start":{"line":444,"column":4},"end":{"line":444,"column":28}},"199":{"start":{"line":445,"column":9},"end":{"line":489,"column":3}},"200":{"start":{"line":446,"column":4},"end":{"line":485,"column":7}},"201":{"start":{"line":447,"column":6},"end":{"line":449,"column":7}},"202":{"start":{"line":448,"column":8},"end":{"line":448,"column":25}},"203":{"start":{"line":450,"column":6},"end":{"line":450,"column":38}},"204":{"start":{"line":451,"column":6},"end":{"line":455,"column":7}},"205":{"start":{"line":452,"column":8},"end":{"line":452,"column":50}},"206":{"start":{"line":453,"column":8},"end":{"line":453,"column":33}},"207":{"start":{"line":454,"column":8},"end":{"line":454,"column":30}},"208":{"start":{"line":456,"column":6},"end":{"line":484,"column":9}},"209":{"start":{"line":457,"column":8},"end":{"line":460,"column":9}},"210":{"start":{"line":458,"column":10},"end":{"line":458,"column":45}},"211":{"start":{"line":459,"column":10},"end":{"line":459,"column":27}},"212":{"start":{"line":461,"column":8},"end":{"line":461,"column":44}},"213":{"start":{"line":462,"column":8},"end":{"line":462,"column":41}},"214":{"start":{"line":463,"column":8},"end":{"line":467,"column":9}},"215":{"start":{"line":464,"column":10},"end":{"line":464,"column":29}},"216":{"start":{"line":465,"column":10},"end":{"line":465,"column":39}},"217":{"start":{"line":466,"column":10},"end":{"line":466,"column":17}},"218":{"start":{"line":468,"column":8},"end":{"line":468,"column":56}},"219":{"start":{"line":469,"column":8},"end":{"line":469,"column":47}},"220":{"start":{"line":470,"column":8},"end":{"line":474,"column":9}},"221":{"start":{"line":471,"column":10},"end":{"line":471,"column":29}},"222":{"start":{"line":472,"column":10},"end":{"line":472,"column":35}},"223":{"start":{"line":473,"column":10},"end":{"line":473,"column":17}},"224":{"start":{"line":475,"column":8},"end":{"line":475,"column":40}},"225":{"start":{"line":476,"column":8},"end":{"line":483,"column":11}},"226":{"start":{"line":477,"column":10},"end":{"line":480,"column":11}},"227":{"start":{"line":478,"column":12},"end":{"line":478,"column":47}},"228":{"start":{"line":479,"column":12},"end":{"line":479,"column":29}},"229":{"start":{"line":481,"column":10},"end":{"line":481,"column":49}},"230":{"start":{"line":482,"column":10},"end":{"line":482,"column":35}},"231":{"start":{"line":487,"column":4},"end":{"line":487,"column":23}},"232":{"start":{"line":488,"column":4},"end":{"line":488,"column":31}},"233":{"start":{"line":495,"column":0},"end":{"line":536,"column":2}},"234":{"start":{"line":496,"column":2},"end":{"line":496,"column":18}},"235":{"start":{"line":497,"column":2},"end":{"line":499,"column":3}},"236":{"start":{"line":498,"column":4},"end":{"line":498,"column":82}},"237":{"start":{"line":500,"column":2},"end":{"line":500,"column":25}},"238":{"start":{"line":501,"column":2},"end":{"line":501,"column":31}},"239":{"start":{"line":502,"column":2},"end":{"line":535,"column":4}},"240":{"start":{"line":504,"column":4},"end":{"line":507,"column":5}},"241":{"start":{"line":505,"column":6},"end":{"line":505,"column":31}},"242":{"start":{"line":506,"column":6},"end":{"line":506,"column":13}},"243":{"start":{"line":508,"column":4},"end":{"line":534,"column":5}},"244":{"start":{"line":509,"column":6},"end":{"line":509,"column":51}},"245":{"start":{"line":511,"column":6},"end":{"line":511,"column":30}},"246":{"start":{"line":513,"column":6},"end":{"line":517,"column":7}},"247":{"start":{"line":514,"column":8},"end":{"line":514,"column":27}},"248":{"start":{"line":515,"column":8},"end":{"line":515,"column":37}},"249":{"start":{"line":516,"column":8},"end":{"line":516,"column":15}},"250":{"start":{"line":518,"column":6},"end":{"line":533,"column":7}},"251":{"start":{"line":519,"column":8},"end":{"line":519,"column":27}},"252":{"start":{"line":520,"column":8},"end":{"line":520,"column":35}},"253":{"start":{"line":521,"column":13},"end":{"line":533,"column":7}},"254":{"start":{"line":522,"column":8},"end":{"line":529,"column":11}},"255":{"start":{"line":523,"column":10},"end":{"line":526,"column":11}},"256":{"start":{"line":524,"column":12},"end":{"line":524,"column":47}},"257":{"start":{"line":525,"column":12},"end":{"line":525,"column":29}},"258":{"start":{"line":527,"column":10},"end":{"line":527,"column":49}},"259":{"start":{"line":528,"column":10},"end":{"line":528,"column":35}},"260":{"start":{"line":531,"column":8},"end":{"line":531,"column":27}},"261":{"start":{"line":532,"column":8},"end":{"line":532,"column":35}},"262":{"start":{"line":583,"column":0},"end":{"line":594,"column":2}},"263":{"start":{"line":584,"column":2},"end":{"line":586,"column":3}},"264":{"start":{"line":585,"column":4},"end":{"line":585,"column":30}},"265":{"start":{"line":588,"column":2},"end":{"line":593,"column":3}},"266":{"start":{"line":589,"column":4},"end":{"line":589,"column":27}},"267":{"start":{"line":590,"column":4},"end":{"line":590,"column":33}},"268":{"start":{"line":592,"column":4},"end":{"line":592,"column":53}},"269":{"start":{"line":596,"column":0},"end":{"line":600,"column":3}},"270":{"start":{"line":597,"column":2},"end":{"line":599,"column":4}},"271":{"start":{"line":598,"column":4},"end":{"line":598,"column":39}},"272":{"start":{"line":602,"column":0},"end":{"line":602,"column":28}},"273":{"start":{"line":603,"column":0},"end":{"line":603,"column":25}},"274":{"start":{"line":604,"column":0},"end":{"line":604,"column":57}},"275":{"start":{"line":605,"column":0},"end":{"line":605,"column":43}},"276":{"start":{"line":607,"column":0},"end":{"line":607,"column":28}}},"branchMap":{"1":{"line":122,"type":"if","locations":[{"start":{"line":122,"column":2},"end":{"line":122,"column":2}},{"start":{"line":122,"column":2},"end":{"line":122,"column":2}}]},"2":{"line":142,"type":"if","locations":[{"start":{"line":142,"column":4},"end":{"line":142,"column":4}},{"start":{"line":142,"column":4},"end":{"line":142,"column":4}}]},"3":{"line":156,"type":"if","locations":[{"start":{"line":156,"column":2},"end":{"line":156,"column":2}},{"start":{"line":156,"column":2},"end":{"line":156,"column":2}}]},"4":{"line":158,"type":"if","locations":[{"start":{"line":158,"column":6},"end":{"line":158,"column":6}},{"start":{"line":158,"column":6},"end":{"line":158,"column":6}}]},"5":{"line":158,"type":"binary-expr","locations":[{"start":{"line":158,"column":10},"end":{"line":158,"column":41}},{"start":{"line":158,"column":45},"end":{"line":158,"column":69}}]},"6":{"line":161,"type":"if","locations":[{"start":{"line":161,"column":6},"end":{"line":161,"column":6}},{"start":{"line":161,"column":6},"end":{"line":161,"column":6}}]},"7":{"line":163,"type":"if","locations":[{"start":{"line":163,"column":8},"end":{"line":163,"column":8}},{"start":{"line":163,"column":8},"end":{"line":163,"column":8}}]},"8":{"line":166,"type":"binary-expr","locations":[{"start":{"line":166,"column":26},"end":{"line":166,"column":29}},{"start":{"line":166,"column":33},"end":{"line":166,"column":35}}]},"9":{"line":187,"type":"binary-expr","locations":[{"start":{"line":187,"column":17},"end":{"line":187,"column":24}},{"start":{"line":187,"column":28},"end":{"line":187,"column":30}}]},"10":{"line":189,"type":"if","locations":[{"start":{"line":189,"column":2},"end":{"line":189,"column":2}},{"start":{"line":189,"column":2},"end":{"line":189,"column":2}}]},"11":{"line":189,"type":"binary-expr","locations":[{"start":{"line":189,"column":6},"end":{"line":189,"column":13}},{"start":{"line":189,"column":18},"end":{"line":189,"column":51}},{"start":{"line":189,"column":55},"end":{"line":189,"column":89}}]},"12":{"li
[...]
{"line":40,"column":51}},"13":{"start":{"line":41,"column":2},"end":{"line":41,"column":14}},"14":{"start":{"line":44,"column":0},"end":{"line":44,"column":25}}},"branchMap":{"1":{"line":10,"type":"if","locations":[{"start":{"line":10,"column":2},"end":{"line":10,"column":2}},{"start":{"line":10,"column":2},"end":{"line":10,"column":2}}]},"2":{"line":26,"type":"binary-expr","locations":[{"start":{"line":26,"column":43},"end":{"line":26,"column":51}},{"start":{"line":26,"column":55},"end":{"line":26,"column":67}}]}},"code":["/**"," * Session构造函数，用于与Connect的Session中间件集成的会话脚本"," * @param {String} id Session ID"," * @param {Object} req Connect中的请求对象"," * @param {Object} data 可选的其余数据，将被合并进Session对象中"," */","var Session = function (id, req, data) {","  Object.defineProperty(this, 'id', { value: id });","  Object.defineProperty(this, 'req', { value: req });","  if (data) {","    for (var key in data) {","      this[key] = data[key];","    }","  }","};","","/**"," * 保存Session对象到实际的存储中"," *"," * Callback:"," *"," * - `err`, 错误对象，保存发生错误时传入"," * @param {Function} callback 保存Session的回调函数"," */","Session.prototype.save = function (callback) {","  this.req.sessionStore.set(this.id, this, callback || function(){});","  return this;","};","","/**"," * 销毁Session对象"," *"," * Callback:"," *"," * - `err`, 错误对象，删除发生错误时传入"," * @param {Function} callback 从存储中删除Session数据后的回调函数"," */","Session.prototype.destroy = function (callback) {","  delete this.req.wxsession;","  this.req.sessionStore.destroy(this.id, callback);","  return this;","};","","module.exports = Session;",""],"l":{"7":1,"8":0,"9":0,"10":0,"11":0,"12":0,"25":1,"26":0,"27":0,"38":1,"39":0,"40":0,"41":0,"44":1}},"/home/travis/build/npmtest/node-npmtest-wechat/node_modules/wechat/lib/list.js":{"path":"/home/travis/build/npmtest/node-npmtest-wechat/node_modules/wechat/lib/list.js","s":{"1":1,"2":1,"3":1,"4":0,"5":1,"6":0,"7":1,"8":0,"9":0,"10":0,"11":0,"12":0,"13":0,"14":0,"15":0,"16":0,"17":0,"18":0,"19":0,"20":0,"21":0,"22":1,"23":0,"24":1,"25":0,"26":1},"b":{"1":[0,0],"2":[0,0],"3":[0,0]},"f":{"1":0,"2":0,"3":0,"4":0,"5":0,"6":0,"7":0},"fnMap":{"1":{"name":"(anonymous_1)","line":10,"loc":{"start":{"line":10,"column":11},"end":{"line":10,"column":23}}},"2":{"name":"(anonymous_2)","line":18,"loc":{"start":{"line":18,"column":21},"end":{"line":18,"column":36}}},"3":{"name":"(anonymous_3)","line":30,"loc":{"start":{"line":30,"column":11},"end":{"line":30,"column":57}}},"4":{"name":"(anonymous_4)","line":34,"loc":{"start":{"line":34,"column":16},"end":{"line":34,"column":32}}},"5":{"name":"(anonymous_5)","line":37,"loc":{"start":{"line":37,"column":44},"end":{"line":37,"column":66}}},"6":{"name":"(anonymous_6)","line":57,"loc":{"start":{"line":57,"column":11},"end":{"line":57,"column":27}}},"7":{"name":"(anonymous_7)","line":65,"loc":{"start":{"line":65,"column":13},"end":{"line":65,"column":25}}}},"statementMap":{"1":{"start":{"line":1,"column":0},"end":{"line":1,"column":27}},"2":{"start":{"line":5,"column":0},"end":{"line":5,"column":19}},"3":{"start":{"line":10,"column":0},"end":{"line":12,"column":2}},"4":{"start":{"line":11,"column":2},"end":{"line":11,"column":16}},"5":{"start":{"line":18,"column":0},"end":{"line":20,"column":2}},"6":{"start":{"line":19,"column":2},"end":{"line":19,"column":23}},"7":{"start":{"line":30,"column":0},"end":{"line":51,"column":2}},"8":{"start":{"line":31,"column":2},"end":{"line":31,"column":23}},"9":{"start":{"line":32,"column":2},"end":{"line":32,"column":24}},"10":{"start":{"line":33,"column":2},"end":{"line":33,"column":19}},"11":{"start":{"line":34,"column":2},"end":{"line":42,"column":5}},"12":{"start":{"line":35,"column":4},"end":{"line":35,"column":23}},"13":{"start":{"line":37,"column":4},"end":{"line":40,"column":7}},"14":{"start":{"line":38,"column":6},"end":{"line":38,"column":30}},"15":{"start":{"line":39,"column":6},"end":{"line":39,"column":17}},"16":{"start":{"line":41,"column":4},"end":{"line":41,"column":31}},"17":{"start":{"line":44,"column":2},"end":{"line":49,"column":3}},"18":{"start":{"line":45,"column":4},"end":{"line":45,"column":58}},"19":{"start":{"line":46,"column":4},"end":{"line":46,"column":82}},"20":{"start":{"line":48,"column":4},"end":{"line":48,"column":46}},"21":{"start":{"line":50,"column":2},"end":{"line":50,"column":25}},"22":{"start":{"line":57,"column":0},"end":{"line":59,"column":2}},"23":{"start":{"line":58,"column":2},"end":{"line":58,"column":25}},"24":{"start":{"line":65,"column":0},"end":{"line":67,"column":2}},"25":{"start":{"line":66,"column":2},"end":{"line":66,"column":17}},"26":{"start":{"line":69,"column":0},"end":{"line":69,"column":22}}},"branchMap":{"1":{"line":44,"type":"if","locations":[{"start":{"line":44,"column":2},"end":{"line":44,"column":2}},{"start":{"line":44,"column":2},"end":{"line":44,"column":2}}]},"2":{"line":46,"type":"binary-expr","locations":[{"start":{"line":46,"column":49},"end":{"line":46,"column":53}},{"start":{"line":46,"column":57},"end":{"line":46,"column":59}}]},"3":{"line":46,"type":"binary-expr","locations":[{"start":{"line":46,"column":69},"end":{"line":46,"column":73}},{"start":{"line":46,"column":77},"end":{"line":46,"column":79}}]}},"code":["var util = require('util');","/*!"," * 缓存列表"," */","var listCache = {};","","/**"," * 回复列表类型"," */","var List = function () {","  this.map = {};","};","","/**"," * 从List对象中根据key取出对应的handler"," * @param {String} key 列表中的关键词"," */","List.prototype.get = function (key) {","  return this.map[key];","};","","/**"," * 静态方法，根据items生成List对象，并放置到缓存中"," * @param {String} name 列表名字"," * @param {Array} items 元素列表"," * @param {String} head 回复开头"," * @param {String} delimiter 回复分隔符"," * @param {String} foot 回复底部"," */","List.add = function (name, items, head, delimiter, foot) {","  var description = [];","  var list = new List();","  list.name = name;","  items.forEach(function (item) {","    var text = item[0];","    // 抽取出key，并关联上对应的handle","    var replaced = text.replace(/\\{(.*)\\}/, function (match, key) {","      list.map[key] = item[1];","      return key;","    });","    description.push(replaced);","  });","","  if (delimiter) {","    var lists = description.join('\\n' + delimiter + '\\n');","    list.description = util.format('%s\\n%s\\n%s', head || '', lists, (foot || ''));","  } else {","    list.description = description.join('\\n');","  }","  listCache[name] = list;","};","","/**"," * 静态方法，从缓存中根据名字取出List对象"," * @param {String} name 列表名字"," */","List.get = function (name) {","  return listCache[name];","};","","/**"," * 静态方法，清空缓存的所有的List对象"," * @param {String} name 列表名字"," */","List.clear = function () {","  listCache = {};","};","","module.exports = List;",""],"l":{"1":1,"5":1,"10":1,"11":0,"18":1,"19":0,"30":1,"31":0,"32":0,"33":0,"34":0,"35":0,"37":0,"38":0,"39":0,"41":0,"44":0,"45":0,"46":0,"48":0,"50":0,"57":1,"58":0,"65":1,"66":0,"69":1}},"/home/travis/build/npmtest/node-npmtest-wechat/node_modules/wechat-crypto/index.js":{"path":"/home/travis/build/npmtest/node-npmtest-wechat/node_modules/wechat-crypto/index.js","s":{"1":1},"b":{},"f":{},"fnMap":{},"statementMap":{"1":{"start":{"line":1,"column":0},"end":{"line":1,"column":45}}},"branchMap":{},"code":["module.exports = require('./lib/msg_crypto');",""],"l":{"1":1}},"/home/travis/build/npmtest/node-npmtest-wechat/node_modules/wechat-crypto/lib/msg_crypto.js":{"path":"/home/travis/build/npmtest/node-npmtest-wechat/node_modules/wechat-crypto/lib/msg_crypto.js","s":{"1":1,"2":1,"3":1,"4":0,"5":0,"6":0,"7":0,"8":1,"9":0,"10":0,"11":0,"12":0,"13":0,"14":0,"15":1,"16":0,"17":0,"18":0,"19":0,"20":0,"21":0,"22":0,"23":0,"24":0,"25":1,"26":0,"27":0,"28":0,"29":0,"30":1,"31":0,"32":0,"33":0,"34":0,"35":0,"36":0,"37":0,"38":1,"39":0,"40":0,"41":0,"42":0,"43":0,"44":0,"45":0,"46":0,"47":0,"48":0,"49":0,"50":1},"b":{"1":[0,0],"2":[0,0],"3":[0,0],"4":[0,0,0],"5":[0,0]},"f":{"1":0,"2":0,"3":0,"4":0,"5":0,"6":0},"fnMap":{"1":{"name":"(anonymous_1)","line":14,"loc":{"start":{"line":14,"column":22},"end":{"line":14,"column":38}}},"2":{"name":"(anonymous_2)","line":29,"loc":{"start":{"line":29,"column":22},"end":{"line":29,"column":38}}},"3":{"name":"(anonymous_3)","line":48,"loc":{"start":{"line":48,"column":20},"end":{"line":48,"column":57}}},"4":{"name":"(anonymous_4)","line":69,"loc":{"start":{"line":69,"column":39},"end":{"line":69,"column":75}}},"5":{"name":"(anonymous_5)","line":82,"loc":{"start":{"line":82,"column":34},"end":{"line":82,"column":49}}},"6":{"name":"(anonymous_6)","line":105,"loc":{"start":{"line":105,"column":34},"end":{"line":105,"column":50}}}},"statementMap":{"1":{"start":{"line":1,"column":0},"end":{"line":1,"column":31}},"2":{"start":{"line":7,"column":0},"end":{"line":7,"column":22}},"3":{"start":{"line":14,"column":0},"end":{"line":22,"column":2}},"4":{"start":{"line":15,"column":2},"end":{"line":15,"column":34}},"5":{"start":{"line":17,"column":2},"end":{"line":19,"column":3}},"6":{"start":{"line":18,"column":4},"end":{"line":18,"column":12}},"7":{"start":{"line":21,"column":2},"end":{"line":21,"column":42}},"8":{"start":{"line":29,"column":0},"end":{"line":39,"column":2}},"9":{"start":{"line":30,"column":2},"end":{"line":30,"column":21}},"10":{"start":{"line":31,"column":2},"end":{"line":31,"column":31}},"11":{"start":{"line":33,"column":2},"end":{"line":33,"column":57}},"12":{"start":{"line":35,"column":2},"end":{"line":35,"column":39}},"13":{"start":{"line":36,"column":2},"end":{"line":36,"column":27}},"14":{"start":{"line":38,"column":2},"end":{"line":38,"column":39}},"15":{"start":{"line":48,"column":0},"end":{"line":60,"column":2}},"16":{"start":{"line":49,"column":2},"end":{"line":51,"column":3}},"17":{"start":{"line":50,"column":4},"end":{"line":50,"column":46}},"18":{"start":{"line":52,"column":2},"end":{"line":52,"column":21}},"19":{"start":{"line":53,"column":2},"end":{"line":53,"column":15}},"20":{"start":{"line":54,"column":2},"end":{"line":54,"column":58}},"21":{"start":{"line":55,"column":2},"end":{"line":57,"column":3}},"22":{"start":{"line":56,"column":4},"end":{"line":56,"column":46}},"23":{"start":{"line":58,"column":2},"end":{"line":58,"column":20}},"24":{"start":{"line":59,"column":2},"end":{"line":59,"column":32}},"25":{"start":{"line":69,"column":0},"end":{"line":75,"column":2}},"26":{"start":{"line":70,"column":2},"end":{"line":70,"column":41}},"27":{"start":{"line":71,"column":2},"end":{"line":71,"column":59}},"28":{"start":{"line":72,"column":2},"end":{"line":72,"column":30}},"29":{"start":{"line":74,"column":2},"end":{"line":74,"column":30}},"30":{"start":{"line":82,"column":0},"end":{"line":98,"column":2}},"31":{"start":{"line":84,"column":2},"end":{"line":84,"column":75}},"32":{"start":{"line":85,"column":2},"end":{"line":85,"column":33}},"33":{"start":{"line":86,"column":2},"end":{"line":86,"column":86}},"34":{"start":{"line":88,"column":2},"end":{"line":88,"column":47}},"35":{"start":{"line":91,"column":2},"end":{"line":91,"column":37}},"36":{"start":{"line":92,"column":2},"end":{"line":92,"column":51}},"37":{"start":{"line":94,"column":2},"end":{"line":97,"column":4}},"38":{"start":{"line":105,"column":0},"end":{"line":131,"column":2}},"39":{"start":{"line":108,"column":2},"end":{"line":108,"column":50}},"40":{"start":{"line":110,"column":2},"end":{"line":110,"column":29}},"41":{"start":{"line":113,"column":2},"end":{"line":113,"column":32}},"42":{"start":{"line":114,"column":2},"end":{"line":114,"column":41}},"43":{"start":{"line":116,"column":2},"end":{"line":116,"column":31}},"44":{"start":{"line":118,"column":2},"end":{"line":118,"column":65}},"45":{"start":{"line":121,"column":2},"end":{"line":121,"column":44}},"46":{"start":{"line":124,"column":2},"end":{"line":124,"column":71}},"47":{"start":{"line":125,"column":2},"end":{"line":125,"column":31}},"48":{"start":{"line":127,"column":2},"end":{"line":127,"column":76}},"49":{"start":{"line":130,"column":2},"end":{"line":130,"column":40}},"50":{"start":{"line":133,"column":0},"end":{"line":133,"column":31}}},"branchMap":{"1":{"line":17,"type":"if","locations":[{"start":{"line":17,"column":2},"end":{"line":17,"column":2}},{"start":{"line":17,"column":2},"end":{"line":17,"column":2}}]},"2":{"line":17,"type":"binary-expr","locations":[{"start":{"line":17,"column":6},"end":{"line":17,"column":13}},{"start":{"line":17,"column":17},"end":{"line":17,"column":25}}]},"3":{"line":49,"type":"if","locations":[{"start":{"line":49,"column":2},"end":{"line":49,"column":2}},{"start":{"line":49,"column":2},"end":{"line":49,"column":2}}]},"4":{"line":49,"type":"binary-expr","locations":[{"start":{"line":49,"column":6},"end":{"line":49,"column":12}},{"start":{"line":49,"column":16},"end":{"line":49,"column":31}},{"start":{"line":49,"column":35},"end":{"line":49,"column":38}}]},"5":{"line":55,"type":"if","locations":[{"start":{"line":55,"column":2},"end":{"line":55,"column":2}},{"start":{"line":55,"column":2},"end":{"line":55,"column":2}}]}},"code":["var crypto = require('crypto');","","/**"," * 提供基于PKCS7算法的加解密接口"," *"," */","var PKCS7Encoder = {};","","/**"," * 删除解密后明文的补位字符"," *"," * @param {String} text 解密后的明文"," */","PKCS7Encoder.decode = function (text) {","  var pad = text[text.length - 1];","","  if (pad < 1 || pad > 32) {","    pad = 0;","  }","","  return text.slice(0, text.length - pad);","};","","/**"," * 对需要加密的明文进行填充补位"," *"," * @param {String} text 需要进行填充补位操作的明文"," */","PKCS7Encoder.encode = function (text) {","  var blockSize = 32;","  var textLength = text.length;","  //计算需要填充的位数","  var amountToPad = blockSize - (textLength % blockSize);","","  var result = new Buffer(amountToPad);","  result.fill(amountToPad);","","  return Buffer.concat([text, result]);","};","","/**"," * 微信企业平台加解密信息构造函数"," *"," * @param {String} token          公众平台上，开发者设置的Token"," * @param {String} encodingAESKey 公众平台上，开发者设置的EncodingAESKey"," * @param {String} id         企业号的CorpId或者AppId"," */","var WXBizMsgCrypt = function (token, encodingAESKey, id) {","  if (!token || !encodingAESKey || !id) {","    throw new Error('please check arguments');","  }","  this.token = token;","  this.id = id;","  var AESKey = new Buffer(encodingAESKey + '=', 'base64');","  if (AESKey.length !== 32) {","    throw new Error('encodingAESKey invalid');","  }","  this.key = AESKey;","  this.iv = AESKey.slice(0, 16);","};","","/**"," * 获取签名"," *"," * @param {String} timestamp    时间戳"," * @param {String} nonce        随机数"," * @param {String} encrypt      加密后的文本"," */","WXBizMsgCrypt.prototype.getSignature = function(timestamp, nonce, encrypt) {","  var shasum = crypto.createHash('sha1');","  var arr = [this.token, timestamp, nonce, encrypt].sort();","  shasum.update(arr.join(''));","","  return shasum.digest('hex');","};","","/**"," * 对密文进行解密"," *"," * @param {String} text 待解密的密文"," */","WXBizMsgCrypt.prototype.decrypt = function(text) {","  // 创建解密对象，AES采用CBC模式，数据采用PKCS#7填充；IV初始向量大小为16字节，取AESKey前16字节","  var decipher = crypto.createDecipheriv('aes-256-cbc', this.key, this.iv);","  decipher.setAutoPadding(false);","  var deciphered = Buffer.concat([decipher.update(text, 'base64'), decipher.final()]);","","  deciphered = PKCS7Encoder.decode(deciphered);","  // 算法：AES_Encrypt[random(16B) + msg_len(4B) + msg + $CorpID]","  // 去除16位随机数","  var content = deciphered.slice(16);","  var length = content.slice(0, 4).readUInt32BE(0);","","  return {","    message: content.slice(4, length + 4).toString(),","    id: content.slice(length + 4).toString()","  };","};","","/**"," * 对明文进行加密"," *"," * @param {String} text 待加密的明文"," */","WXBizMsgCrypt.prototype.encrypt = function (text) {","  // 算法：AES_Encrypt[random(16B) + msg_len(4B) + msg + $CorpID]","  // 获取16B的随机字符串","  var randomString = crypto.pseudoRandomBytes(16);","","  var msg = new Buffer(text);","","  // 获取4B的内容长度的网络字节序","  var msgLength = new Buffer(4);","  msgLength.writeUInt32BE(msg.length, 0);","","  var id = new Buffer(this.id);","","  var bufMsg = Buffer.concat([randomString, msgLength, msg, id]);","","  // 对明文进行补位操作","  var encoded = PKCS7Encoder.encode(bufMsg);","","  // 创建加密对象，AES采用CBC模式，数据采用PKCS#7填充；IV初始向量大小为16字节，取AESKey前16字节","  var cipher = crypto.createCipheriv('aes-256-cbc', this.key, this.iv);","  cipher.setAutoPadding(false);","","  var cipheredMsg = Buffer.concat([cipher.update(encoded), cipher.final()]);","","  // 返回加密数据的base64编码","  return cipheredMsg.toString('base64');","};","","module.exports = WXBizMsgCrypt;",""],"l":{"1":1,"7":1,"14":1,"15":0,"17":0,"18":0,"21":0,"29":1,"30":0,"31":0,"33":0,"35":0,"36":0,"38":0,"48":1,"49":0,"50":0,"52":0,"53":0,"54":0,"55":0,"56":0,"58":0,"59":0,"69":1,"70":0,"71":0,"72":0,"74":0,"82":1,"84":0,"85":0,"86":0,"88":0,"91":0,"92":0,"94":0,"105":1,"108":0,"110":0,"113":0,"114":0,"116":0,"118":0,"121":0,"124":0,"125":0,"127":0,"130":0,"133":1}},"/home/travis/build/npmtest/node-npmtest-wechat/node_modules/wechat/lib/events.js":{"path":"/home/travis/build/npmtest/node-npmtest-wechat/node_modules/wechat/lib/events.js","s":{"1":1,"2":0,"3":1,"4":0,"5":0,"6":1,"7":0,"8":0,"9":0,"10":1,"11":0,"12":0,"13":1},"b":{"1":[0,0]},"f":{"1":0,"2":0,"3":0,"4":0,"5":0},"fnMap":{"1":{"name":"(anonymous_1)","line":1,"loc":{"start":{"line":1,"column":12},"end":{"line":1,"column":24}}},"2":{"name":"(anonymous_2)","line":5,"loc":{"start":{"line":5,"column":22},"end":{"line":5,"column":49}}},"3":{"name":"(anonymous_3)","line":10,"loc":{"start":{"line":10,"column":28},"end":{"line":10,"column":63}}},"4":{"name":"(anonymous_4)","line":30,"loc":{"start":{"line":30,"column":17},"end":{"line":30,"column":34}}},"5":{"name":"(anonymous_5)","line":31,"loc":{"start":{"line":31,"column":9},"end":{"line":31,"column":44}}}},"statementMap":{"1":{"start":{"line":1,"column":0},"end":{"line":3,"column":2}},"2":{"start":{"line":2,"column":2},"end":{"line":2,"column":19}},"3":{"start":{"line":5,"column":0},"end":{"line":8,"column":2}},"4":{"start":{"line":6,"column":2},"end":{"line":6,"column":32}},"5":{"start":{"line":7,"column":2},"end":{"line":7,"column":14}},"6":{"start":{"line":10,"column":0},"end":{"line":16,"column":2}},"7":{"start":{"line":11,"column":2},"end":{"line":15,"column":3}},"8":{"start":{"line":12,"column":4},"end":{"line":12,"column":56}},"9":{"start":{"line":14,"column":4},"end":{"line":14,"column":11}},"10":{"start":{"line":30,"column":0},"end":{"line":44,"column":2}},"11":{"start":{"line":31,"column":2},"end":{"line":43,"column":4}},"12":{"start":{"line":42,"column":4},"end":{"line":42,"column":45}},"13":{"start":{"line":46,"column":0},"end":{"line":46,"column":23}}},"branchMap":{"1":{"line":11,"type":"if","locations":[{"start":{"line":11,"column":2},"end":{"line":11,"column":2}},{"start":{"line":11,"column":2},"end":{"line":11,"column":2}}]}},"code":["var Event = function () {","  this.events = {};","};","","Event.prototype.add = function (event, callback) {","  this.events[event] = callback;","  return this;","};","","Event.prototype._dispatch = function (message, req, res, next) {","  if (this.events[message.Event]) {","    this.events[message.Event](message, req, res, next);","  } else {","    next();","  }","};","","/**"," * 分发消息"," * ```"," * var Event = require('wechat').Event;"," * var events = new Event();"," * events.add('pic_weixin', function (message, req, res, next) {"," *   // 弹出微信相册发图器的事件推送"," * });"," * var handle = Event.dispatch(events);"," * app.use('/wechat', wechat(config).event(handle).middlewarify());"," * ```"," */","Event.dispatch = function (event) {","  return function (message, req, res, next) {","    // message为事件内容","    // { ToUserName: 'gh_d3e07d51b513',","    // FromUserName: 'oPKu7jgOibOA-De4u8J2RuNKpZRw',","    // CreateTime: '1359125022',","    // MsgType: 'event',","    // Event: 'LOCATION',","    // Latitude: '23.137466',","    // Longitude: '113.352425',","    // Precision: '119.385040',","    // MsgId: '5837397520665436492' }","    event._dispatch(message, req, res, next);","  };","};","","module.exports = Event;",""],"l":{"1":1,"2":0,"5":1,"6":0,"7":0,"10":1,"11":0,"12":0,"14":0,"30":1,"31":0,"42":0,"46":1}}}